<?xml version="1.0" encoding="UTF-8"?>
<testng-results ignored="0" total="44" passed="32" failed="12" skipped="0">
  <reporter-output>
    <line>
      <![CDATA[search for products and more... is displayed ]]>
    </line>
    <line>
      <![CDATA[search for products and more... is displayed ]]>
    </line>
  </reporter-output>
  <suite started-at="2022-07-08T12:57:10 IST" name="Suite" finished-at="2022-07-08T13:15:19 IST" duration-ms="1089121">
    <groups>
    </groups>
    <test started-at="2022-07-08T12:57:10 IST" name="Test" finished-at="2022-07-08T13:15:19 IST" duration-ms="1089121">
      <class name="assignemnt.SearchPage_test">
        <test-method is-config="true" signature="configBrowser()[pri:0, instance:assignemnt.SearchPage_test@53fdffa1]" started-at="2022-07-08T12:57:10 IST" name="configBrowser" finished-at="2022-07-08T12:57:24 IST" duration-ms="14212" status="PASS">
          <reporter-output>
          </reporter-output>
        </test-method> <!-- configBrowser -->
        <test-method signature="enterAlphaNumericTest()[pri:0, instance:assignemnt.SearchPage_test@53fdffa1]" started-at="2022-07-08T12:57:24 IST" name="enterAlphaNumericTest" finished-at="2022-07-08T12:57:28 IST" duration-ms="3516" status="PASS">
          <reporter-output>
          </reporter-output>
        </test-method> <!-- enterAlphaNumericTest -->
        <test-method is-config="true" signature="closeBrowser()[pri:0, instance:assignemnt.SearchPage_test@53fdffa1]" started-at="2022-07-08T12:57:28 IST" name="closeBrowser" finished-at="2022-07-08T12:57:29 IST" duration-ms="1447" status="PASS">
          <reporter-output>
          </reporter-output>
        </test-method> <!-- closeBrowser -->
        <test-method is-config="true" signature="configBrowser()[pri:0, instance:assignemnt.SearchPage_test@53fdffa1]" started-at="2022-07-08T12:57:29 IST" name="configBrowser" finished-at="2022-07-08T12:57:42 IST" duration-ms="13441" status="PASS">
          <reporter-output>
          </reporter-output>
        </test-method> <!-- configBrowser -->
        <test-method signature="enterNumericValueTest()[pri:0, instance:assignemnt.SearchPage_test@53fdffa1]" started-at="2022-07-08T12:57:42 IST" name="enterNumericValueTest" finished-at="2022-07-08T12:57:46 IST" duration-ms="3338" status="FAIL">
          <exception class="java.lang.AssertionError">
            <full-stacktrace>
              <![CDATA[java.lang.AssertionError: 
at org.testng.AssertJUnit.fail(AssertJUnit.java:65)
at org.testng.AssertJUnit.assertTrue(AssertJUnit.java:23)
at org.testng.AssertJUnit.assertTrue(AssertJUnit.java:33)
at assignemnt.SearchPage_test.enterNumericValueTest(SearchPage_test.java:82)
at java.base/jdk.internal.reflect.NativeMethodAccessorImpl.invoke0(Native Method)
at java.base/jdk.internal.reflect.NativeMethodAccessorImpl.invoke(NativeMethodAccessorImpl.java:77)
at java.base/jdk.internal.reflect.DelegatingMethodAccessorImpl.invoke(DelegatingMethodAccessorImpl.java:43)
at java.base/java.lang.reflect.Method.invoke(Method.java:568)
at org.testng.internal.MethodInvocationHelper.invokeMethod(MethodInvocationHelper.java:133)
at org.testng.internal.TestInvoker.invokeMethod(TestInvoker.java:598)
at org.testng.internal.TestInvoker.invokeTestMethod(TestInvoker.java:173)
at org.testng.internal.MethodRunner.runInSequence(MethodRunner.java:46)
at org.testng.internal.TestInvoker$MethodInvocationAgent.invoke(TestInvoker.java:824)
at org.testng.internal.TestInvoker.invokeTestMethods(TestInvoker.java:146)
at org.testng.internal.TestMethodWorker.invokeTestMethods(TestMethodWorker.java:146)
at org.testng.internal.TestMethodWorker.run(TestMethodWorker.java:128)
at java.base/java.util.ArrayList.forEach(ArrayList.java:1511)
at org.testng.TestRunner.privateRun(TestRunner.java:794)
at org.testng.TestRunner.run(TestRunner.java:596)
at org.testng.SuiteRunner.runTest(SuiteRunner.java:377)
at org.testng.SuiteRunner.runSequentially(SuiteRunner.java:371)
at org.testng.SuiteRunner.privateRun(SuiteRunner.java:332)
at org.testng.SuiteRunner.run(SuiteRunner.java:276)
at org.testng.SuiteRunnerWorker.runSuite(SuiteRunnerWorker.java:53)
at org.testng.SuiteRunnerWorker.run(SuiteRunnerWorker.java:96)
at org.testng.TestNG.runSuitesSequentially(TestNG.java:1212)
at org.testng.TestNG.runSuitesLocally(TestNG.java:1134)
at org.testng.TestNG.runSuites(TestNG.java:1063)
at org.testng.TestNG.run(TestNG.java:1031)
at org.testng.remote.AbstractRemoteTestNG.run(AbstractRemoteTestNG.java:115)
at org.testng.remote.RemoteTestNG.initAndRun(RemoteTestNG.java:251)
at org.testng.remote.RemoteTestNG.main(RemoteTestNG.java:77)
]]>
            </full-stacktrace>
          </exception> <!-- java.lang.AssertionError -->
          <reporter-output>
          </reporter-output>
        </test-method> <!-- enterNumericValueTest -->
        <test-method is-config="true" signature="closeBrowser()[pri:0, instance:assignemnt.SearchPage_test@53fdffa1]" started-at="2022-07-08T12:57:57 IST" name="closeBrowser" finished-at="2022-07-08T12:57:57 IST" duration-ms="261" status="PASS">
          <reporter-output>
          </reporter-output>
        </test-method> <!-- closeBrowser -->
        <test-method is-config="true" signature="configBrowser()[pri:0, instance:assignemnt.SearchPage_test@53fdffa1]" started-at="2022-07-08T12:57:57 IST" name="configBrowser" finished-at="2022-07-08T12:58:09 IST" duration-ms="12577" status="PASS">
          <reporter-output>
          </reporter-output>
        </test-method> <!-- configBrowser -->
        <test-method signature="enterTextAlphabateTest()[pri:0, instance:assignemnt.SearchPage_test@53fdffa1]" started-at="2022-07-08T12:58:09 IST" name="enterTextAlphabateTest" finished-at="2022-07-08T12:58:10 IST" duration-ms="516" status="PASS">
          <reporter-output>
          </reporter-output>
        </test-method> <!-- enterTextAlphabateTest -->
        <test-method is-config="true" signature="closeBrowser()[pri:0, instance:assignemnt.SearchPage_test@53fdffa1]" started-at="2022-07-08T12:58:10 IST" name="closeBrowser" finished-at="2022-07-08T12:58:15 IST" duration-ms="5494" status="PASS">
          <reporter-output>
          </reporter-output>
        </test-method> <!-- closeBrowser -->
        <test-method is-config="true" signature="configBrowser()[pri:0, instance:assignemnt.SearchPage_test@53fdffa1]" started-at="2022-07-08T12:58:15 IST" name="configBrowser" finished-at="2022-07-08T12:58:28 IST" duration-ms="12210" status="PASS">
          <reporter-output>
          </reporter-output>
        </test-method> <!-- configBrowser -->
        <test-method signature="enterUpperAndLowerLetterTest()[pri:0, instance:assignemnt.SearchPage_test@53fdffa1]" started-at="2022-07-08T12:58:28 IST" name="enterUpperAndLowerLetterTest" finished-at="2022-07-08T12:58:28 IST" duration-ms="398" status="PASS">
          <reporter-output>
          </reporter-output>
        </test-method> <!-- enterUpperAndLowerLetterTest -->
        <test-method is-config="true" signature="closeBrowser()[pri:0, instance:assignemnt.SearchPage_test@53fdffa1]" started-at="2022-07-08T12:58:28 IST" name="closeBrowser" finished-at="2022-07-08T12:58:33 IST" duration-ms="4615" status="PASS">
          <reporter-output>
          </reporter-output>
        </test-method> <!-- closeBrowser -->
        <test-method is-config="true" signature="configBrowser()[pri:0, instance:assignemnt.SearchPage_test@53fdffa1]" started-at="2022-07-08T12:58:33 IST" name="configBrowser" finished-at="2022-07-08T12:58:46 IST" duration-ms="13184" status="PASS">
          <reporter-output>
          </reporter-output>
        </test-method> <!-- configBrowser -->
        <test-method signature="verifyAbleToSearchByEnterButtonTest()[pri:0, instance:assignemnt.SearchPage_test@53fdffa1]" started-at="2022-07-08T12:58:46 IST" name="verifyAbleToSearchByEnterButtonTest" finished-at="2022-07-08T12:58:50 IST" duration-ms="3851" status="PASS">
          <reporter-output>
          </reporter-output>
        </test-method> <!-- verifyAbleToSearchByEnterButtonTest -->
        <test-method is-config="true" signature="closeBrowser()[pri:0, instance:assignemnt.SearchPage_test@53fdffa1]" started-at="2022-07-08T12:58:50 IST" name="closeBrowser" finished-at="2022-07-08T12:59:00 IST" duration-ms="10117" status="PASS">
          <reporter-output>
          </reporter-output>
        </test-method> <!-- closeBrowser -->
        <test-method is-config="true" signature="configBrowser()[pri:0, instance:assignemnt.SearchPage_test@53fdffa1]" started-at="2022-07-08T12:59:00 IST" name="configBrowser" finished-at="2022-07-08T12:59:08 IST" duration-ms="8106" status="PASS">
          <reporter-output>
          </reporter-output>
        </test-method> <!-- configBrowser -->
        <test-method signature="verifyAbleToSearchBySearchButtonTest()[pri:0, instance:assignemnt.SearchPage_test@53fdffa1]" started-at="2022-07-08T12:59:08 IST" name="verifyAbleToSearchBySearchButtonTest" finished-at="2022-07-08T12:59:11 IST" duration-ms="3494" status="PASS">
          <reporter-output>
          </reporter-output>
        </test-method> <!-- verifyAbleToSearchBySearchButtonTest -->
        <test-method is-config="true" signature="closeBrowser()[pri:0, instance:assignemnt.SearchPage_test@53fdffa1]" started-at="2022-07-08T12:59:11 IST" name="closeBrowser" finished-at="2022-07-08T12:59:16 IST" duration-ms="4568" status="PASS">
          <reporter-output>
          </reporter-output>
        </test-method> <!-- closeBrowser -->
        <test-method is-config="true" signature="configBrowser()[pri:0, instance:assignemnt.SearchPage_test@53fdffa1]" started-at="2022-07-08T12:59:16 IST" name="configBrowser" finished-at="2022-07-08T12:59:28 IST" duration-ms="12494" status="PASS">
          <reporter-output>
          </reporter-output>
        </test-method> <!-- configBrowser -->
        <test-method signature="verifyClearAllOptionTest()[pri:0, instance:assignemnt.SearchPage_test@53fdffa1]" started-at="2022-07-08T12:59:28 IST" name="verifyClearAllOptionTest" finished-at="2022-07-08T12:59:39 IST" duration-ms="10262" status="FAIL">
          <exception class="org.openqa.selenium.NoSuchElementException">
            <message>
              <![CDATA[no such element: Unable to locate element: {"method":"xpath","selector":"//a[.='Clear All']"}
  (Session info: chrome=103.0.5060.114)
For documentation on this error, please visit: https://www.seleniumhq.org/exceptions/no_such_element.html
Build info: version: '3.141.59', revision: 'e82be7d358', time: '2018-11-14T08:17:03'
System info: host: 'LAPTOP-P4P2FF7C', ip: '192.168.25.162', os.name: 'Windows 11', os.arch: 'amd64', os.version: '10.0', java.version: '17.0.2'
Driver info: org.openqa.selenium.chrome.ChromeDriver
Capabilities {acceptInsecureCerts: false, browserName: chrome, browserVersion: 103.0.5060.114, chrome: {chromedriverVersion: 103.0.5060.53 (a1711811edd7..., userDataDir: C:\Users\shubh\AppData\Loca...}, goog:chromeOptions: {debuggerAddress: localhost:54122}, javascriptEnabled: true, networkConnectionEnabled: false, pageLoadStrategy: normal, platform: WINDOWS, platformName: WINDOWS, proxy: Proxy(), setWindowRect: true, strictFileInteractability: false, timeouts: {implicit: 0, pageLoad: 300000, script: 30000}, unhandledPromptBehavior: dismiss and notify, webauthn:extension:credBlob: true, webauthn:extension:largeBlob: true, webauthn:virtualAuthenticators: true}
Session ID: 649fb6a499941eca539de7e62468aa9e
*** Element info: {Using=xpath, value=//a[.='Clear All']}]]>
            </message>
            <full-stacktrace>
              <![CDATA[org.openqa.selenium.NoSuchElementException: no such element: Unable to locate element: {"method":"xpath","selector":"//a[.='Clear All']"}
  (Session info: chrome=103.0.5060.114)
For documentation on this error, please visit: https://www.seleniumhq.org/exceptions/no_such_element.html
Build info: version: '3.141.59', revision: 'e82be7d358', time: '2018-11-14T08:17:03'
System info: host: 'LAPTOP-P4P2FF7C', ip: '192.168.25.162', os.name: 'Windows 11', os.arch: 'amd64', os.version: '10.0', java.version: '17.0.2'
Driver info: org.openqa.selenium.chrome.ChromeDriver
Capabilities {acceptInsecureCerts: false, browserName: chrome, browserVersion: 103.0.5060.114, chrome: {chromedriverVersion: 103.0.5060.53 (a1711811edd7..., userDataDir: C:\Users\shubh\AppData\Loca...}, goog:chromeOptions: {debuggerAddress: localhost:54122}, javascriptEnabled: true, networkConnectionEnabled: false, pageLoadStrategy: normal, platform: WINDOWS, platformName: WINDOWS, proxy: Proxy(), setWindowRect: true, strictFileInteractability: false, timeouts: {implicit: 0, pageLoad: 300000, script: 30000}, unhandledPromptBehavior: dismiss and notify, webauthn:extension:credBlob: true, webauthn:extension:largeBlob: true, webauthn:virtualAuthenticators: true}
Session ID: 649fb6a499941eca539de7e62468aa9e
*** Element info: {Using=xpath, value=//a[.='Clear All']}
at java.base/jdk.internal.reflect.NativeConstructorAccessorImpl.newInstance0(Native Method)
at java.base/jdk.internal.reflect.NativeConstructorAccessorImpl.newInstance(NativeConstructorAccessorImpl.java:77)
at java.base/jdk.internal.reflect.DelegatingConstructorAccessorImpl.newInstance(DelegatingConstructorAccessorImpl.java:45)
at java.base/java.lang.reflect.Constructor.newInstanceWithCaller(Constructor.java:499)
at java.base/java.lang.reflect.Constructor.newInstance(Constructor.java:480)
at org.openqa.selenium.remote.http.W3CHttpResponseCodec.createException(W3CHttpResponseCodec.java:187)
at org.openqa.selenium.remote.http.W3CHttpResponseCodec.decode(W3CHttpResponseCodec.java:122)
at org.openqa.selenium.remote.http.W3CHttpResponseCodec.decode(W3CHttpResponseCodec.java:49)
at org.openqa.selenium.remote.HttpCommandExecutor.execute(HttpCommandExecutor.java:158)
at org.openqa.selenium.remote.service.DriverCommandExecutor.execute(DriverCommandExecutor.java:83)
at org.openqa.selenium.remote.RemoteWebDriver.execute(RemoteWebDriver.java:552)
at org.openqa.selenium.remote.RemoteWebDriver.findElement(RemoteWebDriver.java:323)
at org.openqa.selenium.remote.RemoteWebDriver.findElementByXPath(RemoteWebDriver.java:428)
at org.openqa.selenium.By$ByXPath.findElement(By.java:353)
at org.openqa.selenium.remote.RemoteWebDriver.findElement(RemoteWebDriver.java:315)
at assignemnt.SearchPage_test.verifyClearAllOptionTest(SearchPage_test.java:199)
at java.base/jdk.internal.reflect.NativeMethodAccessorImpl.invoke0(Native Method)
at java.base/jdk.internal.reflect.NativeMethodAccessorImpl.invoke(NativeMethodAccessorImpl.java:77)
at java.base/jdk.internal.reflect.DelegatingMethodAccessorImpl.invoke(DelegatingMethodAccessorImpl.java:43)
at java.base/java.lang.reflect.Method.invoke(Method.java:568)
at org.testng.internal.MethodInvocationHelper.invokeMethod(MethodInvocationHelper.java:133)
at org.testng.internal.TestInvoker.invokeMethod(TestInvoker.java:598)
at org.testng.internal.TestInvoker.invokeTestMethod(TestInvoker.java:173)
at org.testng.internal.MethodRunner.runInSequence(MethodRunner.java:46)
at org.testng.internal.TestInvoker$MethodInvocationAgent.invoke(TestInvoker.java:824)
at org.testng.internal.TestInvoker.invokeTestMethods(TestInvoker.java:146)
at org.testng.internal.TestMethodWorker.invokeTestMethods(TestMethodWorker.java:146)
at org.testng.internal.TestMethodWorker.run(TestMethodWorker.java:128)
at java.base/java.util.ArrayList.forEach(ArrayList.java:1511)
at org.testng.TestRunner.privateRun(TestRunner.java:794)
at org.testng.TestRunner.run(TestRunner.java:596)
at org.testng.SuiteRunner.runTest(SuiteRunner.java:377)
at org.testng.SuiteRunner.runSequentially(SuiteRunner.java:371)
at org.testng.SuiteRunner.privateRun(SuiteRunner.java:332)
at org.testng.SuiteRunner.run(SuiteRunner.java:276)
at org.testng.SuiteRunnerWorker.runSuite(SuiteRunnerWorker.java:53)
at org.testng.SuiteRunnerWorker.run(SuiteRunnerWorker.java:96)
at org.testng.TestNG.runSuitesSequentially(TestNG.java:1212)
at org.testng.TestNG.runSuitesLocally(TestNG.java:1134)
at org.testng.TestNG.runSuites(TestNG.java:1063)
at org.testng.TestNG.run(TestNG.java:1031)
at org.testng.remote.AbstractRemoteTestNG.run(AbstractRemoteTestNG.java:115)
at org.testng.remote.RemoteTestNG.initAndRun(RemoteTestNG.java:251)
at org.testng.remote.RemoteTestNG.main(RemoteTestNG.java:77)
]]>
            </full-stacktrace>
          </exception> <!-- org.openqa.selenium.NoSuchElementException -->
          <reporter-output>
          </reporter-output>
        </test-method> <!-- verifyClearAllOptionTest -->
        <test-method is-config="true" signature="closeBrowser()[pri:0, instance:assignemnt.SearchPage_test@53fdffa1]" started-at="2022-07-08T12:59:50 IST" name="closeBrowser" finished-at="2022-07-08T12:59:51 IST" duration-ms="368" status="PASS">
          <reporter-output>
          </reporter-output>
        </test-method> <!-- closeBrowser -->
        <test-method is-config="true" signature="configBrowser()[pri:0, instance:assignemnt.SearchPage_test@53fdffa1]" started-at="2022-07-08T12:59:51 IST" name="configBrowser" finished-at="2022-07-08T12:59:59 IST" duration-ms="8737" status="PASS">
          <reporter-output>
          </reporter-output>
        </test-method> <!-- configBrowser -->
        <test-method signature="verifyClearButtonTest()[pri:0, instance:assignemnt.SearchPage_test@53fdffa1]" started-at="2022-07-08T12:59:59 IST" name="verifyClearButtonTest" finished-at="2022-07-08T12:59:59 IST" duration-ms="216" status="FAIL">
          <exception class="java.lang.AssertionError">
            <message>
              <![CDATA[expected:<false> but was:<true>]]>
            </message>
            <full-stacktrace>
              <![CDATA[java.lang.AssertionError: expected:<false> but was:<true>
at org.testng.AssertJUnit.fail(AssertJUnit.java:65)
at org.testng.AssertJUnit.failNotEquals(AssertJUnit.java:468)
at org.testng.AssertJUnit.assertEquals(AssertJUnit.java:88)
at org.testng.AssertJUnit.assertEquals(AssertJUnit.java:230)
at org.testng.AssertJUnit.assertEquals(AssertJUnit.java:240)
at assignemnt.SearchPage_test.verifyClearButtonTest(SearchPage_test.java:176)
at java.base/jdk.internal.reflect.NativeMethodAccessorImpl.invoke0(Native Method)
at java.base/jdk.internal.reflect.NativeMethodAccessorImpl.invoke(NativeMethodAccessorImpl.java:77)
at java.base/jdk.internal.reflect.DelegatingMethodAccessorImpl.invoke(DelegatingMethodAccessorImpl.java:43)
at java.base/java.lang.reflect.Method.invoke(Method.java:568)
at org.testng.internal.MethodInvocationHelper.invokeMethod(MethodInvocationHelper.java:133)
at org.testng.internal.TestInvoker.invokeMethod(TestInvoker.java:598)
at org.testng.internal.TestInvoker.invokeTestMethod(TestInvoker.java:173)
at org.testng.internal.MethodRunner.runInSequence(MethodRunner.java:46)
at org.testng.internal.TestInvoker$MethodInvocationAgent.invoke(TestInvoker.java:824)
at org.testng.internal.TestInvoker.invokeTestMethods(TestInvoker.java:146)
at org.testng.internal.TestMethodWorker.invokeTestMethods(TestMethodWorker.java:146)
at org.testng.internal.TestMethodWorker.run(TestMethodWorker.java:128)
at java.base/java.util.ArrayList.forEach(ArrayList.java:1511)
at org.testng.TestRunner.privateRun(TestRunner.java:794)
at org.testng.TestRunner.run(TestRunner.java:596)
at org.testng.SuiteRunner.runTest(SuiteRunner.java:377)
at org.testng.SuiteRunner.runSequentially(SuiteRunner.java:371)
at org.testng.SuiteRunner.privateRun(SuiteRunner.java:332)
at org.testng.SuiteRunner.run(SuiteRunner.java:276)
at org.testng.SuiteRunnerWorker.runSuite(SuiteRunnerWorker.java:53)
at org.testng.SuiteRunnerWorker.run(SuiteRunnerWorker.java:96)
at org.testng.TestNG.runSuitesSequentially(TestNG.java:1212)
at org.testng.TestNG.runSuitesLocally(TestNG.java:1134)
at org.testng.TestNG.runSuites(TestNG.java:1063)
at org.testng.TestNG.run(TestNG.java:1031)
at org.testng.remote.AbstractRemoteTestNG.run(AbstractRemoteTestNG.java:115)
at org.testng.remote.RemoteTestNG.initAndRun(RemoteTestNG.java:251)
at org.testng.remote.RemoteTestNG.main(RemoteTestNG.java:77)
]]>
            </full-stacktrace>
          </exception> <!-- java.lang.AssertionError -->
          <reporter-output>
          </reporter-output>
        </test-method> <!-- verifyClearButtonTest -->
        <test-method is-config="true" signature="closeBrowser()[pri:0, instance:assignemnt.SearchPage_test@53fdffa1]" started-at="2022-07-08T13:00:27 IST" name="closeBrowser" finished-at="2022-07-08T13:00:27 IST" duration-ms="374" status="PASS">
          <reporter-output>
          </reporter-output>
        </test-method> <!-- closeBrowser -->
        <test-method is-config="true" signature="configBrowser()[pri:0, instance:assignemnt.SearchPage_test@53fdffa1]" started-at="2022-07-08T13:00:27 IST" name="configBrowser" finished-at="2022-07-08T13:00:40 IST" duration-ms="12458" status="PASS">
          <reporter-output>
          </reporter-output>
        </test-method> <!-- configBrowser -->
        <test-method signature="verifyClearOPtionIsAvailableOrNotTest()[pri:0, instance:assignemnt.SearchPage_test@53fdffa1]" started-at="2022-07-08T13:00:40 IST" name="verifyClearOPtionIsAvailableOrNotTest" finished-at="2022-07-08T13:00:40 IST" duration-ms="98" status="PASS">
          <reporter-output>
          </reporter-output>
        </test-method> <!-- verifyClearOPtionIsAvailableOrNotTest -->
        <test-method is-config="true" signature="closeBrowser()[pri:0, instance:assignemnt.SearchPage_test@53fdffa1]" started-at="2022-07-08T13:00:40 IST" name="closeBrowser" finished-at="2022-07-08T13:00:42 IST" duration-ms="2803" status="PASS">
          <reporter-output>
          </reporter-output>
        </test-method> <!-- closeBrowser -->
        <test-method is-config="true" signature="configBrowser()[pri:0, instance:assignemnt.SearchPage_test@53fdffa1]" started-at="2022-07-08T13:00:42 IST" name="configBrowser" finished-at="2022-07-08T13:00:56 IST" duration-ms="13599" status="PASS">
          <reporter-output>
          </reporter-output>
        </test-method> <!-- configBrowser -->
        <test-method signature="verifyClearOptionTest()[pri:0, instance:assignemnt.SearchPage_test@53fdffa1]" started-at="2022-07-08T13:00:56 IST" name="verifyClearOptionTest" finished-at="2022-07-08T13:00:57 IST" duration-ms="665" status="PASS">
          <reporter-output>
          </reporter-output>
        </test-method> <!-- verifyClearOptionTest -->
        <test-method is-config="true" signature="closeBrowser()[pri:0, instance:assignemnt.SearchPage_test@53fdffa1]" started-at="2022-07-08T13:00:57 IST" name="closeBrowser" finished-at="2022-07-08T13:01:00 IST" duration-ms="3338" status="PASS">
          <reporter-output>
          </reporter-output>
        </test-method> <!-- closeBrowser -->
        <test-method is-config="true" signature="configBrowser()[pri:0, instance:assignemnt.SearchPage_test@53fdffa1]" started-at="2022-07-08T13:01:00 IST" name="configBrowser" finished-at="2022-07-08T13:01:14 IST" duration-ms="13778" status="PASS">
          <reporter-output>
          </reporter-output>
        </test-method> <!-- configBrowser -->
        <test-method signature="verifyCutAndCopyTestTest()[pri:0, instance:assignemnt.SearchPage_test@53fdffa1]" started-at="2022-07-08T13:01:14 IST" name="verifyCutAndCopyTestTest" finished-at="2022-07-08T13:01:15 IST" duration-ms="1231" status="FAIL">
          <exception class="java.lang.AssertionError">
            <full-stacktrace>
              <![CDATA[java.lang.AssertionError: 
at org.testng.AssertJUnit.fail(AssertJUnit.java:65)
at org.testng.AssertJUnit.assertTrue(AssertJUnit.java:23)
at org.testng.AssertJUnit.assertTrue(AssertJUnit.java:33)
at assignemnt.SearchPage_test.verifyCutAndCopyTestTest(SearchPage_test.java:246)
at java.base/jdk.internal.reflect.NativeMethodAccessorImpl.invoke0(Native Method)
at java.base/jdk.internal.reflect.NativeMethodAccessorImpl.invoke(NativeMethodAccessorImpl.java:77)
at java.base/jdk.internal.reflect.DelegatingMethodAccessorImpl.invoke(DelegatingMethodAccessorImpl.java:43)
at java.base/java.lang.reflect.Method.invoke(Method.java:568)
at org.testng.internal.MethodInvocationHelper.invokeMethod(MethodInvocationHelper.java:133)
at org.testng.internal.TestInvoker.invokeMethod(TestInvoker.java:598)
at org.testng.internal.TestInvoker.invokeTestMethod(TestInvoker.java:173)
at org.testng.internal.MethodRunner.runInSequence(MethodRunner.java:46)
at org.testng.internal.TestInvoker$MethodInvocationAgent.invoke(TestInvoker.java:824)
at org.testng.internal.TestInvoker.invokeTestMethods(TestInvoker.java:146)
at org.testng.internal.TestMethodWorker.invokeTestMethods(TestMethodWorker.java:146)
at org.testng.internal.TestMethodWorker.run(TestMethodWorker.java:128)
at java.base/java.util.ArrayList.forEach(ArrayList.java:1511)
at org.testng.TestRunner.privateRun(TestRunner.java:794)
at org.testng.TestRunner.run(TestRunner.java:596)
at org.testng.SuiteRunner.runTest(SuiteRunner.java:377)
at org.testng.SuiteRunner.runSequentially(SuiteRunner.java:371)
at org.testng.SuiteRunner.privateRun(SuiteRunner.java:332)
at org.testng.SuiteRunner.run(SuiteRunner.java:276)
at org.testng.SuiteRunnerWorker.runSuite(SuiteRunnerWorker.java:53)
at org.testng.SuiteRunnerWorker.run(SuiteRunnerWorker.java:96)
at org.testng.TestNG.runSuitesSequentially(TestNG.java:1212)
at org.testng.TestNG.runSuitesLocally(TestNG.java:1134)
at org.testng.TestNG.runSuites(TestNG.java:1063)
at org.testng.TestNG.run(TestNG.java:1031)
at org.testng.remote.AbstractRemoteTestNG.run(AbstractRemoteTestNG.java:115)
at org.testng.remote.RemoteTestNG.initAndRun(RemoteTestNG.java:251)
at org.testng.remote.RemoteTestNG.main(RemoteTestNG.java:77)
]]>
            </full-stacktrace>
          </exception> <!-- java.lang.AssertionError -->
          <reporter-output>
          </reporter-output>
        </test-method> <!-- verifyCutAndCopyTestTest -->
        <test-method is-config="true" signature="closeBrowser()[pri:0, instance:assignemnt.SearchPage_test@53fdffa1]" started-at="2022-07-08T13:01:39 IST" name="closeBrowser" finished-at="2022-07-08T13:01:39 IST" duration-ms="290" status="PASS">
          <reporter-output>
          </reporter-output>
        </test-method> <!-- closeBrowser -->
        <test-method is-config="true" signature="configBrowser()[pri:0, instance:assignemnt.SearchPage_test@53fdffa1]" started-at="2022-07-08T13:01:39 IST" name="configBrowser" finished-at="2022-07-08T13:01:54 IST" duration-ms="15420" status="PASS">
          <reporter-output>
          </reporter-output>
        </test-method> <!-- configBrowser -->
        <test-method signature="verifyGridFormatTest()[pri:0, instance:assignemnt.SearchPage_test@53fdffa1]" started-at="2022-07-08T13:01:54 IST" name="verifyGridFormatTest" finished-at="2022-07-08T13:01:57 IST" duration-ms="3175" status="PASS">
          <reporter-output>
          </reporter-output>
        </test-method> <!-- verifyGridFormatTest -->
        <test-method is-config="true" signature="closeBrowser()[pri:0, instance:assignemnt.SearchPage_test@53fdffa1]" started-at="2022-07-08T13:01:57 IST" name="closeBrowser" finished-at="2022-07-08T13:02:05 IST" duration-ms="7247" status="PASS">
          <reporter-output>
          </reporter-output>
        </test-method> <!-- closeBrowser -->
        <test-method is-config="true" signature="configBrowser()[pri:0, instance:assignemnt.SearchPage_test@53fdffa1]" started-at="2022-07-08T13:02:05 IST" name="configBrowser" finished-at="2022-07-08T13:02:18 IST" duration-ms="13600" status="PASS">
          <reporter-output>
          </reporter-output>
        </test-method> <!-- configBrowser -->
        <test-method signature="verifyMouseHourOnClearButtonTest()[pri:0, instance:assignemnt.SearchPage_test@53fdffa1]" started-at="2022-07-08T13:02:18 IST" name="verifyMouseHourOnClearButtonTest" finished-at="2022-07-08T13:02:19 IST" duration-ms="286" status="FAIL">
          <exception class="org.openqa.selenium.ElementNotInteractableException">
            <message>
              <![CDATA[element not interactable:  has no size and location
  (Session info: chrome=103.0.5060.114)
Build info: version: '3.141.59', revision: 'e82be7d358', time: '2018-11-14T08:17:03'
System info: host: 'LAPTOP-P4P2FF7C', ip: '192.168.25.162', os.name: 'Windows 11', os.arch: 'amd64', os.version: '10.0', java.version: '17.0.2'
Driver info: org.openqa.selenium.chrome.ChromeDriver
Capabilities {acceptInsecureCerts: false, browserName: chrome, browserVersion: 103.0.5060.114, chrome: {chromedriverVersion: 103.0.5060.53 (a1711811edd7..., userDataDir: C:\Users\shubh\AppData\Loca...}, goog:chromeOptions: {debuggerAddress: localhost:54809}, javascriptEnabled: true, networkConnectionEnabled: false, pageLoadStrategy: normal, platform: WINDOWS, platformName: WINDOWS, proxy: Proxy(), setWindowRect: true, strictFileInteractability: false, timeouts: {implicit: 0, pageLoad: 300000, script: 30000}, unhandledPromptBehavior: dismiss and notify, webauthn:extension:credBlob: true, webauthn:extension:largeBlob: true, webauthn:virtualAuthenticators: true}
Session ID: 400dd2ea48c47155079574914b053d78]]>
            </message>
            <full-stacktrace>
              <![CDATA[org.openqa.selenium.ElementNotInteractableException: element not interactable:  has no size and location
  (Session info: chrome=103.0.5060.114)
Build info: version: '3.141.59', revision: 'e82be7d358', time: '2018-11-14T08:17:03'
System info: host: 'LAPTOP-P4P2FF7C', ip: '192.168.25.162', os.name: 'Windows 11', os.arch: 'amd64', os.version: '10.0', java.version: '17.0.2'
Driver info: org.openqa.selenium.chrome.ChromeDriver
Capabilities {acceptInsecureCerts: false, browserName: chrome, browserVersion: 103.0.5060.114, chrome: {chromedriverVersion: 103.0.5060.53 (a1711811edd7..., userDataDir: C:\Users\shubh\AppData\Loca...}, goog:chromeOptions: {debuggerAddress: localhost:54809}, javascriptEnabled: true, networkConnectionEnabled: false, pageLoadStrategy: normal, platform: WINDOWS, platformName: WINDOWS, proxy: Proxy(), setWindowRect: true, strictFileInteractability: false, timeouts: {implicit: 0, pageLoad: 300000, script: 30000}, unhandledPromptBehavior: dismiss and notify, webauthn:extension:credBlob: true, webauthn:extension:largeBlob: true, webauthn:virtualAuthenticators: true}
Session ID: 400dd2ea48c47155079574914b053d78
at java.base/jdk.internal.reflect.NativeConstructorAccessorImpl.newInstance0(Native Method)
at java.base/jdk.internal.reflect.NativeConstructorAccessorImpl.newInstance(NativeConstructorAccessorImpl.java:77)
at java.base/jdk.internal.reflect.DelegatingConstructorAccessorImpl.newInstance(DelegatingConstructorAccessorImpl.java:45)
at java.base/java.lang.reflect.Constructor.newInstanceWithCaller(Constructor.java:499)
at java.base/java.lang.reflect.Constructor.newInstance(Constructor.java:480)
at org.openqa.selenium.remote.http.W3CHttpResponseCodec.createException(W3CHttpResponseCodec.java:187)
at org.openqa.selenium.remote.http.W3CHttpResponseCodec.decode(W3CHttpResponseCodec.java:122)
at org.openqa.selenium.remote.http.W3CHttpResponseCodec.decode(W3CHttpResponseCodec.java:49)
at org.openqa.selenium.remote.HttpCommandExecutor.execute(HttpCommandExecutor.java:158)
at org.openqa.selenium.remote.service.DriverCommandExecutor.execute(DriverCommandExecutor.java:83)
at org.openqa.selenium.remote.RemoteWebDriver.execute(RemoteWebDriver.java:552)
at org.openqa.selenium.remote.RemoteWebDriver.perform(RemoteWebDriver.java:618)
at org.openqa.selenium.interactions.Actions$BuiltAction.perform(Actions.java:639)
at org.openqa.selenium.interactions.Actions.perform(Actions.java:595)
at genrericUtilty.WebDriverUtilty.performAction(WebDriverUtilty.java:43)
at assignemnt.SearchPage_test.verifyMouseHourOnClearButtonTest(SearchPage_test.java:122)
at java.base/jdk.internal.reflect.NativeMethodAccessorImpl.invoke0(Native Method)
at java.base/jdk.internal.reflect.NativeMethodAccessorImpl.invoke(NativeMethodAccessorImpl.java:77)
at java.base/jdk.internal.reflect.DelegatingMethodAccessorImpl.invoke(DelegatingMethodAccessorImpl.java:43)
at java.base/java.lang.reflect.Method.invoke(Method.java:568)
at org.testng.internal.MethodInvocationHelper.invokeMethod(MethodInvocationHelper.java:133)
at org.testng.internal.TestInvoker.invokeMethod(TestInvoker.java:598)
at org.testng.internal.TestInvoker.invokeTestMethod(TestInvoker.java:173)
at org.testng.internal.MethodRunner.runInSequence(MethodRunner.java:46)
at org.testng.internal.TestInvoker$MethodInvocationAgent.invoke(TestInvoker.java:824)
at org.testng.internal.TestInvoker.invokeTestMethods(TestInvoker.java:146)
at org.testng.internal.TestMethodWorker.invokeTestMethods(TestMethodWorker.java:146)
at org.testng.internal.TestMethodWorker.run(TestMethodWorker.java:128)
at java.base/java.util.ArrayList.forEach(ArrayList.java:1511)
at org.testng.TestRunner.privateRun(TestRunner.java:794)
at org.testng.TestRunner.run(TestRunner.java:596)
at org.testng.SuiteRunner.runTest(SuiteRunner.java:377)
at org.testng.SuiteRunner.runSequentially(SuiteRunner.java:371)
at org.testng.SuiteRunner.privateRun(SuiteRunner.java:332)
at org.testng.SuiteRunner.run(SuiteRunner.java:276)
at org.testng.SuiteRunnerWorker.runSuite(SuiteRunnerWorker.java:53)
at org.testng.SuiteRunnerWorker.run(SuiteRunnerWorker.java:96)
at org.testng.TestNG.runSuitesSequentially(TestNG.java:1212)
at org.testng.TestNG.runSuitesLocally(TestNG.java:1134)
at org.testng.TestNG.runSuites(TestNG.java:1063)
at org.testng.TestNG.run(TestNG.java:1031)
at org.testng.remote.AbstractRemoteTestNG.run(AbstractRemoteTestNG.java:115)
at org.testng.remote.RemoteTestNG.initAndRun(RemoteTestNG.java:251)
at org.testng.remote.RemoteTestNG.main(RemoteTestNG.java:77)
]]>
            </full-stacktrace>
          </exception> <!-- org.openqa.selenium.ElementNotInteractableException -->
          <reporter-output>
          </reporter-output>
        </test-method> <!-- verifyMouseHourOnClearButtonTest -->
        <test-method is-config="true" signature="closeBrowser()[pri:0, instance:assignemnt.SearchPage_test@53fdffa1]" started-at="2022-07-08T13:02:39 IST" name="closeBrowser" finished-at="2022-07-08T13:02:39 IST" duration-ms="317" status="PASS">
          <reporter-output>
          </reporter-output>
        </test-method> <!-- closeBrowser -->
        <test-method is-config="true" signature="configBrowser()[pri:0, instance:assignemnt.SearchPage_test@53fdffa1]" started-at="2022-07-08T13:02:39 IST" name="configBrowser" finished-at="2022-07-08T13:02:52 IST" duration-ms="12558" status="PASS">
          <reporter-output>
          </reporter-output>
        </test-method> <!-- configBrowser -->
        <test-method signature="verifyMouseHourOnSearchFieldTest()[pri:0, instance:assignemnt.SearchPage_test@53fdffa1]" started-at="2022-07-08T13:02:52 IST" name="verifyMouseHourOnSearchFieldTest" finished-at="2022-07-08T13:02:52 IST" duration-ms="5" status="FAIL">
          <exception class="java.lang.NullPointerException">
            <message>
              <![CDATA[Cannot invoke "org.openqa.selenium.WebDriver.manage()" because "this.driver" is null]]>
            </message>
            <full-stacktrace>
              <![CDATA[java.lang.NullPointerException: Cannot invoke "org.openqa.selenium.WebDriver.manage()" because "this.driver" is null
at genrericUtilty.WebDriverUtilty.implcitWait(WebDriverUtilty.java:29)
at assignemnt.SearchPage_test.verifyMouseHourOnSearchFieldTest(SearchPage_test.java:252)
at java.base/jdk.internal.reflect.NativeMethodAccessorImpl.invoke0(Native Method)
at java.base/jdk.internal.reflect.NativeMethodAccessorImpl.invoke(NativeMethodAccessorImpl.java:77)
at java.base/jdk.internal.reflect.DelegatingMethodAccessorImpl.invoke(DelegatingMethodAccessorImpl.java:43)
at java.base/java.lang.reflect.Method.invoke(Method.java:568)
at org.testng.internal.MethodInvocationHelper.invokeMethod(MethodInvocationHelper.java:133)
at org.testng.internal.TestInvoker.invokeMethod(TestInvoker.java:598)
at org.testng.internal.TestInvoker.invokeTestMethod(TestInvoker.java:173)
at org.testng.internal.MethodRunner.runInSequence(MethodRunner.java:46)
at org.testng.internal.TestInvoker$MethodInvocationAgent.invoke(TestInvoker.java:824)
at org.testng.internal.TestInvoker.invokeTestMethods(TestInvoker.java:146)
at org.testng.internal.TestMethodWorker.invokeTestMethods(TestMethodWorker.java:146)
at org.testng.internal.TestMethodWorker.run(TestMethodWorker.java:128)
at java.base/java.util.ArrayList.forEach(ArrayList.java:1511)
at org.testng.TestRunner.privateRun(TestRunner.java:794)
at org.testng.TestRunner.run(TestRunner.java:596)
at org.testng.SuiteRunner.runTest(SuiteRunner.java:377)
at org.testng.SuiteRunner.runSequentially(SuiteRunner.java:371)
at org.testng.SuiteRunner.privateRun(SuiteRunner.java:332)
at org.testng.SuiteRunner.run(SuiteRunner.java:276)
at org.testng.SuiteRunnerWorker.runSuite(SuiteRunnerWorker.java:53)
at org.testng.SuiteRunnerWorker.run(SuiteRunnerWorker.java:96)
at org.testng.TestNG.runSuitesSequentially(TestNG.java:1212)
at org.testng.TestNG.runSuitesLocally(TestNG.java:1134)
at org.testng.TestNG.runSuites(TestNG.java:1063)
at org.testng.TestNG.run(TestNG.java:1031)
at org.testng.remote.AbstractRemoteTestNG.run(AbstractRemoteTestNG.java:115)
at org.testng.remote.RemoteTestNG.initAndRun(RemoteTestNG.java:251)
at org.testng.remote.RemoteTestNG.main(RemoteTestNG.java:77)
]]>
            </full-stacktrace>
          </exception> <!-- java.lang.NullPointerException -->
          <reporter-output>
          </reporter-output>
        </test-method> <!-- verifyMouseHourOnSearchFieldTest -->
        <test-method is-config="true" signature="closeBrowser()[pri:0, instance:assignemnt.SearchPage_test@53fdffa1]" started-at="2022-07-08T13:03:05 IST" name="closeBrowser" finished-at="2022-07-08T13:03:05 IST" duration-ms="282" status="PASS">
          <reporter-output>
          </reporter-output>
        </test-method> <!-- closeBrowser -->
        <test-method is-config="true" signature="configBrowser()[pri:0, instance:assignemnt.SearchPage_test@53fdffa1]" started-at="2022-07-08T13:03:05 IST" name="configBrowser" finished-at="2022-07-08T13:03:20 IST" duration-ms="15513" status="PASS">
          <reporter-output>
          </reporter-output>
        </test-method> <!-- configBrowser -->
        <test-method signature="verifyMouseHourOnSearchIconTest()[pri:0, instance:assignemnt.SearchPage_test@53fdffa1]" started-at="2022-07-08T13:03:20 IST" name="verifyMouseHourOnSearchIconTest" finished-at="2022-07-08T13:03:24 IST" duration-ms="3302" status="PASS">
          <reporter-output>
          </reporter-output>
        </test-method> <!-- verifyMouseHourOnSearchIconTest -->
        <test-method is-config="true" signature="closeBrowser()[pri:0, instance:assignemnt.SearchPage_test@53fdffa1]" started-at="2022-07-08T13:03:24 IST" name="closeBrowser" finished-at="2022-07-08T13:03:28 IST" duration-ms="4065" status="PASS">
          <reporter-output>
          </reporter-output>
        </test-method> <!-- closeBrowser -->
        <test-method is-config="true" signature="configBrowser()[pri:0, instance:assignemnt.SearchPage_test@53fdffa1]" started-at="2022-07-08T13:03:28 IST" name="configBrowser" finished-at="2022-07-08T13:03:35 IST" duration-ms="7612" status="PASS">
          <reporter-output>
          </reporter-output>
        </test-method> <!-- configBrowser -->
        <test-method signature="verifyMouseHouseOnSearchIconTest()[pri:0, instance:assignemnt.SearchPage_test@53fdffa1]" started-at="2022-07-08T13:03:35 IST" name="verifyMouseHouseOnSearchIconTest" finished-at="2022-07-08T13:03:41 IST" duration-ms="5149" status="PASS">
          <reporter-output>
          </reporter-output>
        </test-method> <!-- verifyMouseHouseOnSearchIconTest -->
        <test-method is-config="true" signature="closeBrowser()[pri:0, instance:assignemnt.SearchPage_test@53fdffa1]" started-at="2022-07-08T13:03:41 IST" name="closeBrowser" finished-at="2022-07-08T13:03:46 IST" duration-ms="5617" status="PASS">
          <reporter-output>
          </reporter-output>
        </test-method> <!-- closeBrowser -->
        <test-method is-config="true" signature="configBrowser()[pri:0, instance:assignemnt.SearchPage_test@53fdffa1]" started-at="2022-07-08T13:03:46 IST" name="configBrowser" finished-at="2022-07-08T13:03:58 IST" duration-ms="12370" status="PASS">
          <reporter-output>
          </reporter-output>
        </test-method> <!-- configBrowser -->
        <test-method signature="verifyPriceTest()[pri:0, instance:assignemnt.SearchPage_test@53fdffa1]" started-at="2022-07-08T13:03:58 IST" name="verifyPriceTest" finished-at="2022-07-08T13:04:00 IST" duration-ms="1806" status="FAIL">
          <exception class="java.lang.AssertionError">
            <full-stacktrace>
              <![CDATA[java.lang.AssertionError: 
at org.testng.AssertJUnit.fail(AssertJUnit.java:65)
at org.testng.AssertJUnit.assertTrue(AssertJUnit.java:23)
at org.testng.AssertJUnit.assertTrue(AssertJUnit.java:33)
at assignemnt.SearchPage_test.verifyPriceTest(SearchPage_test.java:475)
at java.base/jdk.internal.reflect.NativeMethodAccessorImpl.invoke0(Native Method)
at java.base/jdk.internal.reflect.NativeMethodAccessorImpl.invoke(NativeMethodAccessorImpl.java:77)
at java.base/jdk.internal.reflect.DelegatingMethodAccessorImpl.invoke(DelegatingMethodAccessorImpl.java:43)
at java.base/java.lang.reflect.Method.invoke(Method.java:568)
at org.testng.internal.MethodInvocationHelper.invokeMethod(MethodInvocationHelper.java:133)
at org.testng.internal.TestInvoker.invokeMethod(TestInvoker.java:598)
at org.testng.internal.TestInvoker.invokeTestMethod(TestInvoker.java:173)
at org.testng.internal.MethodRunner.runInSequence(MethodRunner.java:46)
at org.testng.internal.TestInvoker$MethodInvocationAgent.invoke(TestInvoker.java:824)
at org.testng.internal.TestInvoker.invokeTestMethods(TestInvoker.java:146)
at org.testng.internal.TestMethodWorker.invokeTestMethods(TestMethodWorker.java:146)
at org.testng.internal.TestMethodWorker.run(TestMethodWorker.java:128)
at java.base/java.util.ArrayList.forEach(ArrayList.java:1511)
at org.testng.TestRunner.privateRun(TestRunner.java:794)
at org.testng.TestRunner.run(TestRunner.java:596)
at org.testng.SuiteRunner.runTest(SuiteRunner.java:377)
at org.testng.SuiteRunner.runSequentially(SuiteRunner.java:371)
at org.testng.SuiteRunner.privateRun(SuiteRunner.java:332)
at org.testng.SuiteRunner.run(SuiteRunner.java:276)
at org.testng.SuiteRunnerWorker.runSuite(SuiteRunnerWorker.java:53)
at org.testng.SuiteRunnerWorker.run(SuiteRunnerWorker.java:96)
at org.testng.TestNG.runSuitesSequentially(TestNG.java:1212)
at org.testng.TestNG.runSuitesLocally(TestNG.java:1134)
at org.testng.TestNG.runSuites(TestNG.java:1063)
at org.testng.TestNG.run(TestNG.java:1031)
at org.testng.remote.AbstractRemoteTestNG.run(AbstractRemoteTestNG.java:115)
at org.testng.remote.RemoteTestNG.initAndRun(RemoteTestNG.java:251)
at org.testng.remote.RemoteTestNG.main(RemoteTestNG.java:77)
]]>
            </full-stacktrace>
          </exception> <!-- java.lang.AssertionError -->
          <reporter-output>
          </reporter-output>
        </test-method> <!-- verifyPriceTest -->
        <test-method is-config="true" signature="closeBrowser()[pri:0, instance:assignemnt.SearchPage_test@53fdffa1]" started-at="2022-07-08T13:04:05 IST" name="closeBrowser" finished-at="2022-07-08T13:04:05 IST" duration-ms="302" status="PASS">
          <reporter-output>
          </reporter-output>
        </test-method> <!-- closeBrowser -->
        <test-method is-config="true" signature="configBrowser()[pri:0, instance:assignemnt.SearchPage_test@53fdffa1]" started-at="2022-07-08T13:04:05 IST" name="configBrowser" finished-at="2022-07-08T13:04:18 IST" duration-ms="12849" status="PASS">
          <reporter-output>
          </reporter-output>
        </test-method> <!-- configBrowser -->
        <test-method signature="verifyProductCounTest()[pri:0, instance:assignemnt.SearchPage_test@53fdffa1]" started-at="2022-07-08T13:04:18 IST" name="verifyProductCounTest" finished-at="2022-07-08T13:04:21 IST" duration-ms="2851" status="PASS">
          <reporter-output>
          </reporter-output>
        </test-method> <!-- verifyProductCounTest -->
        <test-method is-config="true" signature="closeBrowser()[pri:0, instance:assignemnt.SearchPage_test@53fdffa1]" started-at="2022-07-08T13:04:21 IST" name="closeBrowser" finished-at="2022-07-08T13:04:23 IST" duration-ms="2038" status="PASS">
          <reporter-output>
          </reporter-output>
        </test-method> <!-- closeBrowser -->
        <test-method is-config="true" signature="configBrowser()[pri:0, instance:assignemnt.SearchPage_test@53fdffa1]" started-at="2022-07-08T13:04:23 IST" name="configBrowser" finished-at="2022-07-08T13:04:36 IST" duration-ms="12787" status="PASS">
          <reporter-output>
          </reporter-output>
        </test-method> <!-- configBrowser -->
        <test-method signature="verifySearchAfterChoosingAnotherProductTest()[pri:0, instance:assignemnt.SearchPage_test@53fdffa1]" started-at="2022-07-08T13:04:36 IST" name="verifySearchAfterChoosingAnotherProductTest" finished-at="2022-07-08T13:04:42 IST" duration-ms="6094" status="PASS">
          <reporter-output>
          </reporter-output>
        </test-method> <!-- verifySearchAfterChoosingAnotherProductTest -->
        <test-method is-config="true" signature="closeBrowser()[pri:0, instance:assignemnt.SearchPage_test@53fdffa1]" started-at="2022-07-08T13:04:42 IST" name="closeBrowser" finished-at="2022-07-08T13:04:51 IST" duration-ms="9061" status="PASS">
          <reporter-output>
          </reporter-output>
        </test-method> <!-- closeBrowser -->
        <test-method is-config="true" signature="configBrowser()[pri:0, instance:assignemnt.SearchPage_test@53fdffa1]" started-at="2022-07-08T13:04:51 IST" name="configBrowser" finished-at="2022-07-08T13:05:00 IST" duration-ms="8874" status="PASS">
          <reporter-output>
          </reporter-output>
        </test-method> <!-- configBrowser -->
        <test-method signature="verifySearchAlongWithColorTest()[pri:0, instance:assignemnt.SearchPage_test@53fdffa1]" started-at="2022-07-08T13:05:00 IST" name="verifySearchAlongWithColorTest" finished-at="2022-07-08T13:05:08 IST" duration-ms="8303" status="FAIL">
          <exception class="java.lang.AssertionError">
            <full-stacktrace>
              <![CDATA[java.lang.AssertionError: 
at org.testng.AssertJUnit.fail(AssertJUnit.java:65)
at org.testng.AssertJUnit.assertTrue(AssertJUnit.java:23)
at org.testng.AssertJUnit.assertTrue(AssertJUnit.java:33)
at assignemnt.SearchPage_test.verifySearchAlongWithColorTest(SearchPage_test.java:423)
at java.base/jdk.internal.reflect.NativeMethodAccessorImpl.invoke0(Native Method)
at java.base/jdk.internal.reflect.NativeMethodAccessorImpl.invoke(NativeMethodAccessorImpl.java:77)
at java.base/jdk.internal.reflect.DelegatingMethodAccessorImpl.invoke(DelegatingMethodAccessorImpl.java:43)
at java.base/java.lang.reflect.Method.invoke(Method.java:568)
at org.testng.internal.MethodInvocationHelper.invokeMethod(MethodInvocationHelper.java:133)
at org.testng.internal.TestInvoker.invokeMethod(TestInvoker.java:598)
at org.testng.internal.TestInvoker.invokeTestMethod(TestInvoker.java:173)
at org.testng.internal.MethodRunner.runInSequence(MethodRunner.java:46)
at org.testng.internal.TestInvoker$MethodInvocationAgent.invoke(TestInvoker.java:824)
at org.testng.internal.TestInvoker.invokeTestMethods(TestInvoker.java:146)
at org.testng.internal.TestMethodWorker.invokeTestMethods(TestMethodWorker.java:146)
at org.testng.internal.TestMethodWorker.run(TestMethodWorker.java:128)
at java.base/java.util.ArrayList.forEach(ArrayList.java:1511)
at org.testng.TestRunner.privateRun(TestRunner.java:794)
at org.testng.TestRunner.run(TestRunner.java:596)
at org.testng.SuiteRunner.runTest(SuiteRunner.java:377)
at org.testng.SuiteRunner.runSequentially(SuiteRunner.java:371)
at org.testng.SuiteRunner.privateRun(SuiteRunner.java:332)
at org.testng.SuiteRunner.run(SuiteRunner.java:276)
at org.testng.SuiteRunnerWorker.runSuite(SuiteRunnerWorker.java:53)
at org.testng.SuiteRunnerWorker.run(SuiteRunnerWorker.java:96)
at org.testng.TestNG.runSuitesSequentially(TestNG.java:1212)
at org.testng.TestNG.runSuitesLocally(TestNG.java:1134)
at org.testng.TestNG.runSuites(TestNG.java:1063)
at org.testng.TestNG.run(TestNG.java:1031)
at org.testng.remote.AbstractRemoteTestNG.run(AbstractRemoteTestNG.java:115)
at org.testng.remote.RemoteTestNG.initAndRun(RemoteTestNG.java:251)
at org.testng.remote.RemoteTestNG.main(RemoteTestNG.java:77)
]]>
            </full-stacktrace>
          </exception> <!-- java.lang.AssertionError -->
          <reporter-output>
          </reporter-output>
        </test-method> <!-- verifySearchAlongWithColorTest -->
        <test-method is-config="true" signature="closeBrowser()[pri:0, instance:assignemnt.SearchPage_test@53fdffa1]" started-at="2022-07-08T13:05:28 IST" name="closeBrowser" finished-at="2022-07-08T13:05:32 IST" duration-ms="4160" status="PASS">
          <reporter-output>
          </reporter-output>
        </test-method> <!-- closeBrowser -->
        <test-method is-config="true" signature="configBrowser()[pri:0, instance:assignemnt.SearchPage_test@53fdffa1]" started-at="2022-07-08T13:05:32 IST" name="configBrowser" finished-at="2022-07-08T13:05:45 IST" duration-ms="12626" status="PASS">
          <reporter-output>
          </reporter-output>
        </test-method> <!-- configBrowser -->
        <test-method signature="verifySearchAlongWithSizeTest()[pri:0, instance:assignemnt.SearchPage_test@53fdffa1]" started-at="2022-07-08T13:05:45 IST" name="verifySearchAlongWithSizeTest" finished-at="2022-07-08T13:05:48 IST" duration-ms="2919" status="PASS">
          <reporter-output>
          </reporter-output>
        </test-method> <!-- verifySearchAlongWithSizeTest -->
        <test-method is-config="true" signature="closeBrowser()[pri:0, instance:assignemnt.SearchPage_test@53fdffa1]" started-at="2022-07-08T13:05:48 IST" name="closeBrowser" finished-at="2022-07-08T13:05:49 IST" duration-ms="961" status="PASS">
          <reporter-output>
          </reporter-output>
        </test-method> <!-- closeBrowser -->
        <test-method is-config="true" signature="configBrowser()[pri:0, instance:assignemnt.SearchPage_test@53fdffa1]" started-at="2022-07-08T13:05:49 IST" name="configBrowser" finished-at="2022-07-08T13:06:08 IST" duration-ms="19285" status="PASS">
          <reporter-output>
          </reporter-output>
        </test-method> <!-- configBrowser -->
        <test-method signature="verifySearchByLengthMultipleTimesTest()[pri:0, instance:assignemnt.SearchPage_test@53fdffa1]" started-at="2022-07-08T13:06:08 IST" name="verifySearchByLengthMultipleTimesTest" finished-at="2022-07-08T13:06:54 IST" duration-ms="46509" status="PASS">
          <reporter-output>
          </reporter-output>
        </test-method> <!-- verifySearchByLengthMultipleTimesTest -->
        <test-method is-config="true" signature="closeBrowser()[pri:0, instance:assignemnt.SearchPage_test@53fdffa1]" started-at="2022-07-08T13:06:55 IST" name="closeBrowser" finished-at="2022-07-08T13:06:59 IST" duration-ms="4147" status="PASS">
          <reporter-output>
          </reporter-output>
        </test-method> <!-- closeBrowser -->
        <test-method is-config="true" signature="configBrowser()[pri:0, instance:assignemnt.SearchPage_test@53fdffa1]" started-at="2022-07-08T13:06:59 IST" name="configBrowser" finished-at="2022-07-08T13:07:11 IST" duration-ms="12651" status="PASS">
          <reporter-output>
          </reporter-output>
        </test-method> <!-- configBrowser -->
        <test-method signature="verifySearchByLengthTest()[pri:0, instance:assignemnt.SearchPage_test@53fdffa1]" started-at="2022-07-08T13:07:11 IST" name="verifySearchByLengthTest" finished-at="2022-07-08T13:07:27 IST" duration-ms="15942" status="PASS">
          <reporter-output>
          </reporter-output>
        </test-method> <!-- verifySearchByLengthTest -->
        <test-method is-config="true" signature="closeBrowser()[pri:0, instance:assignemnt.SearchPage_test@53fdffa1]" started-at="2022-07-08T13:07:27 IST" name="closeBrowser" finished-at="2022-07-08T13:07:32 IST" duration-ms="5069" status="PASS">
          <reporter-output>
          </reporter-output>
        </test-method> <!-- closeBrowser -->
        <test-method is-config="true" signature="configBrowser()[pri:0, instance:assignemnt.SearchPage_test@53fdffa1]" started-at="2022-07-08T13:07:32 IST" name="configBrowser" finished-at="2022-07-08T13:07:46 IST" duration-ms="13852" status="PASS">
          <reporter-output>
          </reporter-output>
        </test-method> <!-- configBrowser -->
        <test-method signature="verifySearchByMultiOccasionTest()[pri:0, instance:assignemnt.SearchPage_test@53fdffa1]" started-at="2022-07-08T13:07:46 IST" name="verifySearchByMultiOccasionTest" finished-at="2022-07-08T13:07:50 IST" duration-ms="4075" status="PASS">
          <reporter-output>
          </reporter-output>
        </test-method> <!-- verifySearchByMultiOccasionTest -->
        <test-method is-config="true" signature="closeBrowser()[pri:0, instance:assignemnt.SearchPage_test@53fdffa1]" started-at="2022-07-08T13:07:50 IST" name="closeBrowser" finished-at="2022-07-08T13:07:52 IST" duration-ms="1984" status="PASS">
          <reporter-output>
          </reporter-output>
        </test-method> <!-- closeBrowser -->
        <test-method is-config="true" signature="configBrowser()[pri:0, instance:assignemnt.SearchPage_test@53fdffa1]" started-at="2022-07-08T13:07:52 IST" name="configBrowser" finished-at="2022-07-08T13:08:06 IST" duration-ms="14078" status="PASS">
          <reporter-output>
          </reporter-output>
        </test-method> <!-- configBrowser -->
        <test-method signature="verifySearchByOccasionTest()[pri:0, instance:assignemnt.SearchPage_test@53fdffa1]" started-at="2022-07-08T13:08:06 IST" name="verifySearchByOccasionTest" finished-at="2022-07-08T13:08:10 IST" duration-ms="3345" status="FAIL">
          <exception class="java.lang.AssertionError">
            <full-stacktrace>
              <![CDATA[java.lang.AssertionError: 
at org.testng.AssertJUnit.fail(AssertJUnit.java:65)
at org.testng.AssertJUnit.assertTrue(AssertJUnit.java:23)
at org.testng.AssertJUnit.assertTrue(AssertJUnit.java:33)
at assignemnt.SearchPage_test.verifySearchByOccasionTest(SearchPage_test.java:432)
at java.base/jdk.internal.reflect.NativeMethodAccessorImpl.invoke0(Native Method)
at java.base/jdk.internal.reflect.NativeMethodAccessorImpl.invoke(NativeMethodAccessorImpl.java:77)
at java.base/jdk.internal.reflect.DelegatingMethodAccessorImpl.invoke(DelegatingMethodAccessorImpl.java:43)
at java.base/java.lang.reflect.Method.invoke(Method.java:568)
at org.testng.internal.MethodInvocationHelper.invokeMethod(MethodInvocationHelper.java:133)
at org.testng.internal.TestInvoker.invokeMethod(TestInvoker.java:598)
at org.testng.internal.TestInvoker.invokeTestMethod(TestInvoker.java:173)
at org.testng.internal.MethodRunner.runInSequence(MethodRunner.java:46)
at org.testng.internal.TestInvoker$MethodInvocationAgent.invoke(TestInvoker.java:824)
at org.testng.internal.TestInvoker.invokeTestMethods(TestInvoker.java:146)
at org.testng.internal.TestMethodWorker.invokeTestMethods(TestMethodWorker.java:146)
at org.testng.internal.TestMethodWorker.run(TestMethodWorker.java:128)
at java.base/java.util.ArrayList.forEach(ArrayList.java:1511)
at org.testng.TestRunner.privateRun(TestRunner.java:794)
at org.testng.TestRunner.run(TestRunner.java:596)
at org.testng.SuiteRunner.runTest(SuiteRunner.java:377)
at org.testng.SuiteRunner.runSequentially(SuiteRunner.java:371)
at org.testng.SuiteRunner.privateRun(SuiteRunner.java:332)
at org.testng.SuiteRunner.run(SuiteRunner.java:276)
at org.testng.SuiteRunnerWorker.runSuite(SuiteRunnerWorker.java:53)
at org.testng.SuiteRunnerWorker.run(SuiteRunnerWorker.java:96)
at org.testng.TestNG.runSuitesSequentially(TestNG.java:1212)
at org.testng.TestNG.runSuitesLocally(TestNG.java:1134)
at org.testng.TestNG.runSuites(TestNG.java:1063)
at org.testng.TestNG.run(TestNG.java:1031)
at org.testng.remote.AbstractRemoteTestNG.run(AbstractRemoteTestNG.java:115)
at org.testng.remote.RemoteTestNG.initAndRun(RemoteTestNG.java:251)
at org.testng.remote.RemoteTestNG.main(RemoteTestNG.java:77)
]]>
            </full-stacktrace>
          </exception> <!-- java.lang.AssertionError -->
          <reporter-output>
          </reporter-output>
        </test-method> <!-- verifySearchByOccasionTest -->
        <test-method is-config="true" signature="closeBrowser()[pri:0, instance:assignemnt.SearchPage_test@53fdffa1]" started-at="2022-07-08T13:08:21 IST" name="closeBrowser" finished-at="2022-07-08T13:08:22 IST" duration-ms="430" status="PASS">
          <reporter-output>
          </reporter-output>
        </test-method> <!-- closeBrowser -->
        <test-method is-config="true" signature="configBrowser()[pri:0, instance:assignemnt.SearchPage_test@53fdffa1]" started-at="2022-07-08T13:08:22 IST" name="configBrowser" finished-at="2022-07-08T13:08:36 IST" duration-ms="14487" status="PASS">
          <reporter-output>
          </reporter-output>
        </test-method> <!-- configBrowser -->
        <test-method signature="verifySearchByProductMaterialTest()[pri:0, instance:assignemnt.SearchPage_test@53fdffa1]" started-at="2022-07-08T13:08:36 IST" name="verifySearchByProductMaterialTest" finished-at="2022-07-08T13:08:52 IST" duration-ms="15968" status="FAIL">
          <exception class="org.openqa.selenium.NoSuchElementException">
            <message>
              <![CDATA[no such element: Unable to locate element: {"method":"xpath","selector":"//div[@class="MuiAccordionDetails-root accordion-details"]/descendant::li[6]"}
  (Session info: chrome=103.0.5060.114)
For documentation on this error, please visit: https://www.seleniumhq.org/exceptions/no_such_element.html
Build info: version: '3.141.59', revision: 'e82be7d358', time: '2018-11-14T08:17:03'
System info: host: 'LAPTOP-P4P2FF7C', ip: '192.168.25.162', os.name: 'Windows 11', os.arch: 'amd64', os.version: '10.0', java.version: '17.0.2'
Driver info: org.openqa.selenium.chrome.ChromeDriver
Capabilities {acceptInsecureCerts: false, browserName: chrome, browserVersion: 103.0.5060.114, chrome: {chromedriverVersion: 103.0.5060.53 (a1711811edd7..., userDataDir: C:\Users\shubh\AppData\Loca...}, goog:chromeOptions: {debuggerAddress: localhost:56467}, javascriptEnabled: true, networkConnectionEnabled: false, pageLoadStrategy: normal, platform: WINDOWS, platformName: WINDOWS, proxy: Proxy(), setWindowRect: true, strictFileInteractability: false, timeouts: {implicit: 0, pageLoad: 300000, script: 30000}, unhandledPromptBehavior: dismiss and notify, webauthn:extension:credBlob: true, webauthn:extension:largeBlob: true, webauthn:virtualAuthenticators: true}
Session ID: 6b630df56ec8896ef23939f7fe516907
*** Element info: {Using=xpath, value=//div[@class="MuiAccordionDetails-root accordion-details"]/descendant::li[6]}]]>
            </message>
            <full-stacktrace>
              <![CDATA[org.openqa.selenium.NoSuchElementException: no such element: Unable to locate element: {"method":"xpath","selector":"//div[@class="MuiAccordionDetails-root accordion-details"]/descendant::li[6]"}
  (Session info: chrome=103.0.5060.114)
For documentation on this error, please visit: https://www.seleniumhq.org/exceptions/no_such_element.html
Build info: version: '3.141.59', revision: 'e82be7d358', time: '2018-11-14T08:17:03'
System info: host: 'LAPTOP-P4P2FF7C', ip: '192.168.25.162', os.name: 'Windows 11', os.arch: 'amd64', os.version: '10.0', java.version: '17.0.2'
Driver info: org.openqa.selenium.chrome.ChromeDriver
Capabilities {acceptInsecureCerts: false, browserName: chrome, browserVersion: 103.0.5060.114, chrome: {chromedriverVersion: 103.0.5060.53 (a1711811edd7..., userDataDir: C:\Users\shubh\AppData\Loca...}, goog:chromeOptions: {debuggerAddress: localhost:56467}, javascriptEnabled: true, networkConnectionEnabled: false, pageLoadStrategy: normal, platform: WINDOWS, platformName: WINDOWS, proxy: Proxy(), setWindowRect: true, strictFileInteractability: false, timeouts: {implicit: 0, pageLoad: 300000, script: 30000}, unhandledPromptBehavior: dismiss and notify, webauthn:extension:credBlob: true, webauthn:extension:largeBlob: true, webauthn:virtualAuthenticators: true}
Session ID: 6b630df56ec8896ef23939f7fe516907
*** Element info: {Using=xpath, value=//div[@class="MuiAccordionDetails-root accordion-details"]/descendant::li[6]}
at java.base/jdk.internal.reflect.NativeConstructorAccessorImpl.newInstance0(Native Method)
at java.base/jdk.internal.reflect.NativeConstructorAccessorImpl.newInstance(NativeConstructorAccessorImpl.java:77)
at java.base/jdk.internal.reflect.DelegatingConstructorAccessorImpl.newInstance(DelegatingConstructorAccessorImpl.java:45)
at java.base/java.lang.reflect.Constructor.newInstanceWithCaller(Constructor.java:499)
at java.base/java.lang.reflect.Constructor.newInstance(Constructor.java:480)
at org.openqa.selenium.remote.http.W3CHttpResponseCodec.createException(W3CHttpResponseCodec.java:187)
at org.openqa.selenium.remote.http.W3CHttpResponseCodec.decode(W3CHttpResponseCodec.java:122)
at org.openqa.selenium.remote.http.W3CHttpResponseCodec.decode(W3CHttpResponseCodec.java:49)
at org.openqa.selenium.remote.HttpCommandExecutor.execute(HttpCommandExecutor.java:158)
at org.openqa.selenium.remote.service.DriverCommandExecutor.execute(DriverCommandExecutor.java:83)
at org.openqa.selenium.remote.RemoteWebDriver.execute(RemoteWebDriver.java:552)
at org.openqa.selenium.remote.RemoteWebDriver.findElement(RemoteWebDriver.java:323)
at org.openqa.selenium.remote.RemoteWebDriver.findElementByXPath(RemoteWebDriver.java:428)
at org.openqa.selenium.By$ByXPath.findElement(By.java:353)
at org.openqa.selenium.remote.RemoteWebDriver.findElement(RemoteWebDriver.java:315)
at assignemnt.SearchPage_test.verifySearchByProductMaterialTest(SearchPage_test.java:487)
at java.base/jdk.internal.reflect.NativeMethodAccessorImpl.invoke0(Native Method)
at java.base/jdk.internal.reflect.NativeMethodAccessorImpl.invoke(NativeMethodAccessorImpl.java:77)
at java.base/jdk.internal.reflect.DelegatingMethodAccessorImpl.invoke(DelegatingMethodAccessorImpl.java:43)
at java.base/java.lang.reflect.Method.invoke(Method.java:568)
at org.testng.internal.MethodInvocationHelper.invokeMethod(MethodInvocationHelper.java:133)
at org.testng.internal.TestInvoker.invokeMethod(TestInvoker.java:598)
at org.testng.internal.TestInvoker.invokeTestMethod(TestInvoker.java:173)
at org.testng.internal.MethodRunner.runInSequence(MethodRunner.java:46)
at org.testng.internal.TestInvoker$MethodInvocationAgent.invoke(TestInvoker.java:824)
at org.testng.internal.TestInvoker.invokeTestMethods(TestInvoker.java:146)
at org.testng.internal.TestMethodWorker.invokeTestMethods(TestMethodWorker.java:146)
at org.testng.internal.TestMethodWorker.run(TestMethodWorker.java:128)
at java.base/java.util.ArrayList.forEach(ArrayList.java:1511)
at org.testng.TestRunner.privateRun(TestRunner.java:794)
at org.testng.TestRunner.run(TestRunner.java:596)
at org.testng.SuiteRunner.runTest(SuiteRunner.java:377)
at org.testng.SuiteRunner.runSequentially(SuiteRunner.java:371)
at org.testng.SuiteRunner.privateRun(SuiteRunner.java:332)
at org.testng.SuiteRunner.run(SuiteRunner.java:276)
at org.testng.SuiteRunnerWorker.runSuite(SuiteRunnerWorker.java:53)
at org.testng.SuiteRunnerWorker.run(SuiteRunnerWorker.java:96)
at org.testng.TestNG.runSuitesSequentially(TestNG.java:1212)
at org.testng.TestNG.runSuitesLocally(TestNG.java:1134)
at org.testng.TestNG.runSuites(TestNG.java:1063)
at org.testng.TestNG.run(TestNG.java:1031)
at org.testng.remote.AbstractRemoteTestNG.run(AbstractRemoteTestNG.java:115)
at org.testng.remote.RemoteTestNG.initAndRun(RemoteTestNG.java:251)
at org.testng.remote.RemoteTestNG.main(RemoteTestNG.java:77)
]]>
            </full-stacktrace>
          </exception> <!-- org.openqa.selenium.NoSuchElementException -->
          <reporter-output>
          </reporter-output>
        </test-method> <!-- verifySearchByProductMaterialTest -->
        <test-method is-config="true" signature="closeBrowser()[pri:0, instance:assignemnt.SearchPage_test@53fdffa1]" started-at="2022-07-08T13:09:01 IST" name="closeBrowser" finished-at="2022-07-08T13:09:01 IST" duration-ms="318" status="PASS">
          <reporter-output>
          </reporter-output>
        </test-method> <!-- closeBrowser -->
        <test-method is-config="true" signature="configBrowser()[pri:0, instance:assignemnt.SearchPage_test@53fdffa1]" started-at="2022-07-08T13:09:01 IST" name="configBrowser" finished-at="2022-07-08T13:09:14 IST" duration-ms="13040" status="PASS">
          <reporter-output>
          </reporter-output>
        </test-method> <!-- configBrowser -->
        <test-method signature="verifySearchFieldTest()[pri:0, instance:assignemnt.SearchPage_test@53fdffa1]" started-at="2022-07-08T13:09:14 IST" name="verifySearchFieldTest" finished-at="2022-07-08T13:09:15 IST" duration-ms="62" status="PASS">
          <reporter-output>
            <line>
              <![CDATA[search for products and more... is displayed ]]>
            </line>
          </reporter-output>
        </test-method> <!-- verifySearchFieldTest -->
        <test-method is-config="true" signature="closeBrowser()[pri:0, instance:assignemnt.SearchPage_test@53fdffa1]" started-at="2022-07-08T13:09:15 IST" name="closeBrowser" finished-at="2022-07-08T13:09:17 IST" duration-ms="2849" status="PASS">
          <reporter-output>
          </reporter-output>
        </test-method> <!-- closeBrowser -->
        <test-method is-config="true" signature="configBrowser()[pri:0, instance:assignemnt.SearchPage_test@53fdffa1]" started-at="2022-07-08T13:09:17 IST" name="configBrowser" finished-at="2022-07-08T13:09:31 IST" duration-ms="13606" status="PASS">
          <reporter-output>
          </reporter-output>
        </test-method> <!-- configBrowser -->
        <test-method signature="verifySearchSuggestionDisplayTest()[pri:0, instance:assignemnt.SearchPage_test@53fdffa1]" started-at="2022-07-08T13:09:31 IST" name="verifySearchSuggestionDisplayTest" finished-at="2022-07-08T13:09:32 IST" duration-ms="1112" status="PASS">
          <reporter-output>
          </reporter-output>
        </test-method> <!-- verifySearchSuggestionDisplayTest -->
        <test-method is-config="true" signature="closeBrowser()[pri:0, instance:assignemnt.SearchPage_test@53fdffa1]" started-at="2022-07-08T13:09:32 IST" name="closeBrowser" finished-at="2022-07-08T13:09:36 IST" duration-ms="3923" status="PASS">
          <reporter-output>
          </reporter-output>
        </test-method> <!-- closeBrowser -->
        <test-method is-config="true" signature="configBrowser()[pri:0, instance:assignemnt.SearchPage_test@53fdffa1]" started-at="2022-07-08T13:09:36 IST" name="configBrowser" finished-at="2022-07-08T13:09:50 IST" duration-ms="13867" status="PASS">
          <reporter-output>
          </reporter-output>
        </test-method> <!-- configBrowser -->
        <test-method signature="verifySearchSuggestionTest()[pri:0, instance:assignemnt.SearchPage_test@53fdffa1]" started-at="2022-07-08T13:09:50 IST" name="verifySearchSuggestionTest" finished-at="2022-07-08T13:09:54 IST" duration-ms="3631" status="PASS">
          <reporter-output>
          </reporter-output>
        </test-method> <!-- verifySearchSuggestionTest -->
        <test-method is-config="true" signature="closeBrowser()[pri:0, instance:assignemnt.SearchPage_test@53fdffa1]" started-at="2022-07-08T13:09:54 IST" name="closeBrowser" finished-at="2022-07-08T13:09:59 IST" duration-ms="5545" status="PASS">
          <reporter-output>
          </reporter-output>
        </test-method> <!-- closeBrowser -->
        <test-method is-config="true" signature="configBrowser()[pri:0, instance:assignemnt.SearchPage_test@53fdffa1]" started-at="2022-07-08T13:09:59 IST" name="configBrowser" finished-at="2022-07-08T13:10:12 IST" duration-ms="13085" status="PASS">
          <reporter-output>
          </reporter-output>
        </test-method> <!-- configBrowser -->
        <test-method signature="verifySearchSuggestionWithMispelledTest()[pri:0, instance:assignemnt.SearchPage_test@53fdffa1]" started-at="2022-07-08T13:10:12 IST" name="verifySearchSuggestionWithMispelledTest" finished-at="2022-07-08T13:10:13 IST" duration-ms="1079" status="FAIL">
          <exception class="java.lang.AssertionError">
            <full-stacktrace>
              <![CDATA[java.lang.AssertionError: 
at org.testng.AssertJUnit.fail(AssertJUnit.java:65)
at org.testng.AssertJUnit.assertTrue(AssertJUnit.java:23)
at org.testng.AssertJUnit.assertTrue(AssertJUnit.java:33)
at assignemnt.SearchPage_test.verifySearchSuggestionWithMispelledTest(SearchPage_test.java:331)
at java.base/jdk.internal.reflect.NativeMethodAccessorImpl.invoke0(Native Method)
at java.base/jdk.internal.reflect.NativeMethodAccessorImpl.invoke(NativeMethodAccessorImpl.java:77)
at java.base/jdk.internal.reflect.DelegatingMethodAccessorImpl.invoke(DelegatingMethodAccessorImpl.java:43)
at java.base/java.lang.reflect.Method.invoke(Method.java:568)
at org.testng.internal.MethodInvocationHelper.invokeMethod(MethodInvocationHelper.java:133)
at org.testng.internal.TestInvoker.invokeMethod(TestInvoker.java:598)
at org.testng.internal.TestInvoker.invokeTestMethod(TestInvoker.java:173)
at org.testng.internal.MethodRunner.runInSequence(MethodRunner.java:46)
at org.testng.internal.TestInvoker$MethodInvocationAgent.invoke(TestInvoker.java:824)
at org.testng.internal.TestInvoker.invokeTestMethods(TestInvoker.java:146)
at org.testng.internal.TestMethodWorker.invokeTestMethods(TestMethodWorker.java:146)
at org.testng.internal.TestMethodWorker.run(TestMethodWorker.java:128)
at java.base/java.util.ArrayList.forEach(ArrayList.java:1511)
at org.testng.TestRunner.privateRun(TestRunner.java:794)
at org.testng.TestRunner.run(TestRunner.java:596)
at org.testng.SuiteRunner.runTest(SuiteRunner.java:377)
at org.testng.SuiteRunner.runSequentially(SuiteRunner.java:371)
at org.testng.SuiteRunner.privateRun(SuiteRunner.java:332)
at org.testng.SuiteRunner.run(SuiteRunner.java:276)
at org.testng.SuiteRunnerWorker.runSuite(SuiteRunnerWorker.java:53)
at org.testng.SuiteRunnerWorker.run(SuiteRunnerWorker.java:96)
at org.testng.TestNG.runSuitesSequentially(TestNG.java:1212)
at org.testng.TestNG.runSuitesLocally(TestNG.java:1134)
at org.testng.TestNG.runSuites(TestNG.java:1063)
at org.testng.TestNG.run(TestNG.java:1031)
at org.testng.remote.AbstractRemoteTestNG.run(AbstractRemoteTestNG.java:115)
at org.testng.remote.RemoteTestNG.initAndRun(RemoteTestNG.java:251)
at org.testng.remote.RemoteTestNG.main(RemoteTestNG.java:77)
]]>
            </full-stacktrace>
          </exception> <!-- java.lang.AssertionError -->
          <reporter-output>
          </reporter-output>
        </test-method> <!-- verifySearchSuggestionWithMispelledTest -->
        <test-method is-config="true" signature="closeBrowser()[pri:0, instance:assignemnt.SearchPage_test@53fdffa1]" started-at="2022-07-08T13:10:37 IST" name="closeBrowser" finished-at="2022-07-08T13:10:37 IST" duration-ms="353" status="PASS">
          <reporter-output>
          </reporter-output>
        </test-method> <!-- closeBrowser -->
        <test-method is-config="true" signature="configBrowser()[pri:0, instance:assignemnt.SearchPage_test@53fdffa1]" started-at="2022-07-08T13:10:37 IST" name="configBrowser" finished-at="2022-07-08T13:10:50 IST" duration-ms="13154" status="PASS">
          <reporter-output>
          </reporter-output>
        </test-method> <!-- configBrowser -->
        <test-method signature="verifySearchTextAfterSearchTest()[pri:0, instance:assignemnt.SearchPage_test@53fdffa1]" started-at="2022-07-08T13:10:50 IST" name="verifySearchTextAfterSearchTest" finished-at="2022-07-08T13:10:52 IST" duration-ms="1571" status="PASS">
          <reporter-output>
          </reporter-output>
        </test-method> <!-- verifySearchTextAfterSearchTest -->
        <test-method is-config="true" signature="closeBrowser()[pri:0, instance:assignemnt.SearchPage_test@53fdffa1]" started-at="2022-07-08T13:10:52 IST" name="closeBrowser" finished-at="2022-07-08T13:10:56 IST" duration-ms="4335" status="PASS">
          <reporter-output>
          </reporter-output>
        </test-method> <!-- closeBrowser -->
        <test-method is-config="true" signature="configBrowser()[pri:0, instance:assignemnt.SearchPage_test@53fdffa1]" started-at="2022-07-08T13:10:56 IST" name="configBrowser" finished-at="2022-07-08T13:11:05 IST" duration-ms="8763" status="PASS">
          <reporter-output>
          </reporter-output>
        </test-method> <!-- configBrowser -->
        <test-method signature="verifySearchTextFieldTest()[pri:0, instance:assignemnt.SearchPage_test@53fdffa1]" started-at="2022-07-08T13:11:05 IST" name="verifySearchTextFieldTest" finished-at="2022-07-08T13:11:05 IST" duration-ms="305" status="PASS">
          <reporter-output>
          </reporter-output>
        </test-method> <!-- verifySearchTextFieldTest -->
        <test-method is-config="true" signature="closeBrowser()[pri:0, instance:assignemnt.SearchPage_test@53fdffa1]" started-at="2022-07-08T13:11:05 IST" name="closeBrowser" finished-at="2022-07-08T13:11:15 IST" duration-ms="9861" status="PASS">
          <reporter-output>
          </reporter-output>
        </test-method> <!-- closeBrowser -->
        <test-method is-config="true" signature="configBrowser()[pri:0, instance:assignemnt.SearchPage_test@53fdffa1]" started-at="2022-07-08T13:11:15 IST" name="configBrowser" finished-at="2022-07-08T13:11:30 IST" duration-ms="15258" status="PASS">
          <reporter-output>
          </reporter-output>
        </test-method> <!-- configBrowser -->
        <test-method signature="verifySearchWithCatogaryNameTest()[pri:0, instance:assignemnt.SearchPage_test@53fdffa1]" started-at="2022-07-08T13:11:30 IST" name="verifySearchWithCatogaryNameTest" finished-at="2022-07-08T13:11:31 IST" duration-ms="1048" status="PASS">
          <reporter-output>
          </reporter-output>
        </test-method> <!-- verifySearchWithCatogaryNameTest -->
        <test-method is-config="true" signature="closeBrowser()[pri:0, instance:assignemnt.SearchPage_test@53fdffa1]" started-at="2022-07-08T13:11:31 IST" name="closeBrowser" finished-at="2022-07-08T13:11:32 IST" duration-ms="308" status="PASS">
          <reporter-output>
          </reporter-output>
        </test-method> <!-- closeBrowser -->
        <test-method is-config="true" signature="configBrowser()[pri:0, instance:assignemnt.SearchPage_test@53fdffa1]" started-at="2022-07-08T13:11:32 IST" name="configBrowser" finished-at="2022-07-08T13:11:39 IST" duration-ms="7461" status="PASS">
          <reporter-output>
          </reporter-output>
        </test-method> <!-- configBrowser -->
        <test-method signature="verifySearchWithDefaultSortByTest()[pri:0, instance:assignemnt.SearchPage_test@53fdffa1]" started-at="2022-07-08T13:11:39 IST" name="verifySearchWithDefaultSortByTest" finished-at="2022-07-08T13:11:44 IST" duration-ms="5297" status="PASS">
          <reporter-output>
          </reporter-output>
        </test-method> <!-- verifySearchWithDefaultSortByTest -->
        <test-method is-config="true" signature="closeBrowser()[pri:0, instance:assignemnt.SearchPage_test@53fdffa1]" started-at="2022-07-08T13:11:44 IST" name="closeBrowser" finished-at="2022-07-08T13:11:49 IST" duration-ms="4866" status="PASS">
          <reporter-output>
          </reporter-output>
        </test-method> <!-- closeBrowser -->
        <test-method is-config="true" signature="configBrowser()[pri:0, instance:assignemnt.SearchPage_test@53fdffa1]" started-at="2022-07-08T13:11:49 IST" name="configBrowser" finished-at="2022-07-08T13:12:04 IST" duration-ms="14269" status="PASS">
          <reporter-output>
          </reporter-output>
        </test-method> <!-- configBrowser -->
        <test-method signature="verifySearchWithFitTypeTest()[pri:0, instance:assignemnt.SearchPage_test@53fdffa1]" started-at="2022-07-08T13:12:04 IST" name="verifySearchWithFitTypeTest" finished-at="2022-07-08T13:12:18 IST" duration-ms="14853" status="PASS">
          <reporter-output>
          </reporter-output>
        </test-method> <!-- verifySearchWithFitTypeTest -->
        <test-method is-config="true" signature="closeBrowser()[pri:0, instance:assignemnt.SearchPage_test@53fdffa1]" started-at="2022-07-08T13:12:18 IST" name="closeBrowser" finished-at="2022-07-08T13:12:24 IST" duration-ms="6039" status="PASS">
          <reporter-output>
          </reporter-output>
        </test-method> <!-- closeBrowser -->
        <test-method is-config="true" signature="configBrowser()[pri:0, instance:assignemnt.SearchPage_test@53fdffa1]" started-at="2022-07-08T13:12:24 IST" name="configBrowser" finished-at="2022-07-08T13:12:41 IST" duration-ms="16318" status="PASS">
          <reporter-output>
          </reporter-output>
        </test-method> <!-- configBrowser -->
        <test-method signature="verifySearchWithMultipleBrandTest()[pri:0, instance:assignemnt.SearchPage_test@53fdffa1]" started-at="2022-07-08T13:12:41 IST" name="verifySearchWithMultipleBrandTest" finished-at="2022-07-08T13:12:43 IST" duration-ms="2127" status="PASS">
          <reporter-output>
          </reporter-output>
        </test-method> <!-- verifySearchWithMultipleBrandTest -->
        <test-method is-config="true" signature="closeBrowser()[pri:0, instance:assignemnt.SearchPage_test@53fdffa1]" started-at="2022-07-08T13:12:43 IST" name="closeBrowser" finished-at="2022-07-08T13:12:45 IST" duration-ms="1945" status="PASS">
          <reporter-output>
          </reporter-output>
        </test-method> <!-- closeBrowser -->
        <test-method is-config="true" signature="configBrowser()[pri:0, instance:assignemnt.SearchPage_test@53fdffa1]" started-at="2022-07-08T13:12:45 IST" name="configBrowser" finished-at="2022-07-08T13:12:57 IST" duration-ms="12292" status="PASS">
          <reporter-output>
          </reporter-output>
        </test-method> <!-- configBrowser -->
        <test-method signature="verifySearchWithMultipleBrandsTest()[pri:0, instance:assignemnt.SearchPage_test@53fdffa1]" started-at="2022-07-08T13:12:57 IST" name="verifySearchWithMultipleBrandsTest" finished-at="2022-07-08T13:13:01 IST" duration-ms="3525" status="FAIL">
          <exception class="java.lang.AssertionError">
            <full-stacktrace>
              <![CDATA[java.lang.AssertionError: 
at org.testng.AssertJUnit.fail(AssertJUnit.java:65)
at org.testng.AssertJUnit.assertTrue(AssertJUnit.java:23)
at org.testng.AssertJUnit.assertTrue(AssertJUnit.java:33)
at assignemnt.SearchPage_test.verifySearchWithMultipleBrandsTest(SearchPage_test.java:394)
at java.base/jdk.internal.reflect.NativeMethodAccessorImpl.invoke0(Native Method)
at java.base/jdk.internal.reflect.NativeMethodAccessorImpl.invoke(NativeMethodAccessorImpl.java:77)
at java.base/jdk.internal.reflect.DelegatingMethodAccessorImpl.invoke(DelegatingMethodAccessorImpl.java:43)
at java.base/java.lang.reflect.Method.invoke(Method.java:568)
at org.testng.internal.MethodInvocationHelper.invokeMethod(MethodInvocationHelper.java:133)
at org.testng.internal.TestInvoker.invokeMethod(TestInvoker.java:598)
at org.testng.internal.TestInvoker.invokeTestMethod(TestInvoker.java:173)
at org.testng.internal.MethodRunner.runInSequence(MethodRunner.java:46)
at org.testng.internal.TestInvoker$MethodInvocationAgent.invoke(TestInvoker.java:824)
at org.testng.internal.TestInvoker.invokeTestMethods(TestInvoker.java:146)
at org.testng.internal.TestMethodWorker.invokeTestMethods(TestMethodWorker.java:146)
at org.testng.internal.TestMethodWorker.run(TestMethodWorker.java:128)
at java.base/java.util.ArrayList.forEach(ArrayList.java:1511)
at org.testng.TestRunner.privateRun(TestRunner.java:794)
at org.testng.TestRunner.run(TestRunner.java:596)
at org.testng.SuiteRunner.runTest(SuiteRunner.java:377)
at org.testng.SuiteRunner.runSequentially(SuiteRunner.java:371)
at org.testng.SuiteRunner.privateRun(SuiteRunner.java:332)
at org.testng.SuiteRunner.run(SuiteRunner.java:276)
at org.testng.SuiteRunnerWorker.runSuite(SuiteRunnerWorker.java:53)
at org.testng.SuiteRunnerWorker.run(SuiteRunnerWorker.java:96)
at org.testng.TestNG.runSuitesSequentially(TestNG.java:1212)
at org.testng.TestNG.runSuitesLocally(TestNG.java:1134)
at org.testng.TestNG.runSuites(TestNG.java:1063)
at org.testng.TestNG.run(TestNG.java:1031)
at org.testng.remote.AbstractRemoteTestNG.run(AbstractRemoteTestNG.java:115)
at org.testng.remote.RemoteTestNG.initAndRun(RemoteTestNG.java:251)
at org.testng.remote.RemoteTestNG.main(RemoteTestNG.java:77)
]]>
            </full-stacktrace>
          </exception> <!-- java.lang.AssertionError -->
          <reporter-output>
          </reporter-output>
        </test-method> <!-- verifySearchWithMultipleBrandsTest -->
        <test-method is-config="true" signature="closeBrowser()[pri:0, instance:assignemnt.SearchPage_test@53fdffa1]" started-at="2022-07-08T13:13:05 IST" name="closeBrowser" finished-at="2022-07-08T13:13:07 IST" duration-ms="2976" status="PASS">
          <reporter-output>
          </reporter-output>
        </test-method> <!-- closeBrowser -->
        <test-method is-config="true" signature="configBrowser()[pri:0, instance:assignemnt.SearchPage_test@53fdffa1]" started-at="2022-07-08T13:13:07 IST" name="configBrowser" finished-at="2022-07-08T13:13:21 IST" duration-ms="13638" status="PASS">
          <reporter-output>
          </reporter-output>
        </test-method> <!-- configBrowser -->
        <test-method signature="verifySearchWithMultipleCharacterTest()[pri:0, instance:assignemnt.SearchPage_test@53fdffa1]" started-at="2022-07-08T13:13:21 IST" name="verifySearchWithMultipleCharacterTest" finished-at="2022-07-08T13:13:23 IST" duration-ms="2049" status="PASS">
          <reporter-output>
          </reporter-output>
        </test-method> <!-- verifySearchWithMultipleCharacterTest -->
        <test-method is-config="true" signature="closeBrowser()[pri:0, instance:assignemnt.SearchPage_test@53fdffa1]" started-at="2022-07-08T13:13:23 IST" name="closeBrowser" finished-at="2022-07-08T13:13:25 IST" duration-ms="1947" status="PASS">
          <reporter-output>
          </reporter-output>
        </test-method> <!-- closeBrowser -->
        <test-method is-config="true" signature="configBrowser()[pri:0, instance:assignemnt.SearchPage_test@53fdffa1]" started-at="2022-07-08T13:13:25 IST" name="configBrowser" finished-at="2022-07-08T13:13:38 IST" duration-ms="13356" status="PASS">
          <reporter-output>
          </reporter-output>
        </test-method> <!-- configBrowser -->
        <test-method signature="verifySearchWithProductTypeTest()[pri:0, instance:assignemnt.SearchPage_test@53fdffa1]" started-at="2022-07-08T13:13:38 IST" name="verifySearchWithProductTypeTest" finished-at="2022-07-08T13:13:43 IST" duration-ms="4341" status="PASS">
          <reporter-output>
          </reporter-output>
        </test-method> <!-- verifySearchWithProductTypeTest -->
        <test-method is-config="true" signature="closeBrowser()[pri:0, instance:assignemnt.SearchPage_test@53fdffa1]" started-at="2022-07-08T13:13:43 IST" name="closeBrowser" finished-at="2022-07-08T13:13:45 IST" duration-ms="1861" status="PASS">
          <reporter-output>
          </reporter-output>
        </test-method> <!-- closeBrowser -->
        <test-method is-config="true" signature="configBrowser()[pri:0, instance:assignemnt.SearchPage_test@53fdffa1]" started-at="2022-07-08T13:13:45 IST" name="configBrowser" finished-at="2022-07-08T13:13:59 IST" duration-ms="14506" status="PASS">
          <reporter-output>
          </reporter-output>
        </test-method> <!-- configBrowser -->
        <test-method signature="verifySearchWithRelatedBrandTest()[pri:0, instance:assignemnt.SearchPage_test@53fdffa1]" started-at="2022-07-08T13:13:59 IST" name="verifySearchWithRelatedBrandTest" finished-at="2022-07-08T13:14:02 IST" duration-ms="3115" status="PASS">
          <reporter-output>
          </reporter-output>
        </test-method> <!-- verifySearchWithRelatedBrandTest -->
        <test-method is-config="true" signature="closeBrowser()[pri:0, instance:assignemnt.SearchPage_test@53fdffa1]" started-at="2022-07-08T13:14:02 IST" name="closeBrowser" finished-at="2022-07-08T13:14:06 IST" duration-ms="4058" status="PASS">
          <reporter-output>
          </reporter-output>
        </test-method> <!-- closeBrowser -->
        <test-method is-config="true" signature="configBrowser()[pri:0, instance:assignemnt.SearchPage_test@53fdffa1]" started-at="2022-07-08T13:14:06 IST" name="configBrowser" finished-at="2022-07-08T13:14:22 IST" duration-ms="15241" status="PASS">
          <reporter-output>
          </reporter-output>
        </test-method> <!-- configBrowser -->
        <test-method signature="verifySearchWithSingleCharacterTest()[pri:0, instance:assignemnt.SearchPage_test@53fdffa1]" started-at="2022-07-08T13:14:22 IST" name="verifySearchWithSingleCharacterTest" finished-at="2022-07-08T13:14:25 IST" duration-ms="3036" status="PASS">
          <reporter-output>
          </reporter-output>
        </test-method> <!-- verifySearchWithSingleCharacterTest -->
        <test-method is-config="true" signature="closeBrowser()[pri:0, instance:assignemnt.SearchPage_test@53fdffa1]" started-at="2022-07-08T13:14:25 IST" name="closeBrowser" finished-at="2022-07-08T13:14:27 IST" duration-ms="2185" status="PASS">
          <reporter-output>
          </reporter-output>
        </test-method> <!-- closeBrowser -->
        <test-method is-config="true" signature="configBrowser()[pri:0, instance:assignemnt.SearchPage_test@53fdffa1]" started-at="2022-07-08T13:14:27 IST" name="configBrowser" finished-at="2022-07-08T13:14:36 IST" duration-ms="9396" status="PASS">
          <reporter-output>
          </reporter-output>
        </test-method> <!-- configBrowser -->
        <test-method signature="verifySearchfieldAfterClickOnClearButtonTest()[pri:0, instance:assignemnt.SearchPage_test@53fdffa1]" started-at="2022-07-08T13:14:36 IST" name="verifySearchfieldAfterClickOnClearButtonTest" finished-at="2022-07-08T13:14:37 IST" duration-ms="729" status="PASS">
          <reporter-output>
            <line>
              <![CDATA[search for products and more... is displayed ]]>
            </line>
          </reporter-output>
        </test-method> <!-- verifySearchfieldAfterClickOnClearButtonTest -->
        <test-method is-config="true" signature="closeBrowser()[pri:0, instance:assignemnt.SearchPage_test@53fdffa1]" started-at="2022-07-08T13:14:37 IST" name="closeBrowser" finished-at="2022-07-08T13:14:45 IST" duration-ms="8297" status="PASS">
          <reporter-output>
          </reporter-output>
        </test-method> <!-- closeBrowser -->
        <test-method is-config="true" signature="configBrowser()[pri:0, instance:assignemnt.SearchPage_test@53fdffa1]" started-at="2022-07-08T13:14:45 IST" name="configBrowser" finished-at="2022-07-08T13:14:59 IST" duration-ms="13877" status="PASS">
          <reporter-output>
          </reporter-output>
        </test-method> <!-- configBrowser -->
        <test-method signature="verifyTradingSuggestionTest()[pri:0, instance:assignemnt.SearchPage_test@53fdffa1]" started-at="2022-07-08T13:14:59 IST" name="verifyTradingSuggestionTest" finished-at="2022-07-08T13:15:00 IST" duration-ms="1357" status="PASS">
          <reporter-output>
          </reporter-output>
        </test-method> <!-- verifyTradingSuggestionTest -->
        <test-method is-config="true" signature="closeBrowser()[pri:0, instance:assignemnt.SearchPage_test@53fdffa1]" started-at="2022-07-08T13:15:00 IST" name="closeBrowser" finished-at="2022-07-08T13:15:01 IST" duration-ms="576" status="PASS">
          <reporter-output>
          </reporter-output>
        </test-method> <!-- closeBrowser -->
        <test-method is-config="true" signature="configBrowser()[pri:0, instance:assignemnt.SearchPage_test@53fdffa1]" started-at="2022-07-08T13:15:01 IST" name="configBrowser" finished-at="2022-07-08T13:15:10 IST" duration-ms="8617" status="PASS">
          <reporter-output>
          </reporter-output>
        </test-method> <!-- configBrowser -->
        <test-method signature="verifyUserAbletoEnterInSearchFieldTest()[pri:0, instance:assignemnt.SearchPage_test@53fdffa1]" started-at="2022-07-08T13:15:10 IST" name="verifyUserAbletoEnterInSearchFieldTest" finished-at="2022-07-08T13:15:10 IST" duration-ms="406" status="PASS">
          <reporter-output>
          </reporter-output>
        </test-method> <!-- verifyUserAbletoEnterInSearchFieldTest -->
        <test-method is-config="true" signature="closeBrowser()[pri:0, instance:assignemnt.SearchPage_test@53fdffa1]" started-at="2022-07-08T13:15:10 IST" name="closeBrowser" finished-at="2022-07-08T13:15:19 IST" duration-ms="8599" status="PASS">
          <reporter-output>
          </reporter-output>
        </test-method> <!-- closeBrowser -->
      </class> <!-- assignemnt.SearchPage_test -->
    </test> <!-- Test -->
  </suite> <!-- Suite -->
</testng-results>
