<?xml version="1.0" encoding="UTF-8"?>
<!-- Generated by org.testng.reporters.JUnitReportReporter -->
<testsuite hostname="LAPTOP-P4P2FF7C" failures="0" tests="25" name="com.pantaloon.com.SearchPage_test" time="35.729" errors="1" timestamp="2022-07-19T12:53:36 IST" skipped="22">
  <testcase classname="com.pantaloon.com.SearchPage_test" name="verifySearchByMultiOccasionTest" time="9.007">
    <skipped/>
  </testcase> <!-- verifySearchByMultiOccasionTest -->
  <system-out/>
  <testcase classname="com.pantaloon.com.SearchPage_test" name="verifySearchSuggestionWithMispelledTest" time="14.836">
    <skipped/>
  </testcase> <!-- verifySearchSuggestionWithMispelledTest -->
  <system-out/>
  <testcase classname="com.pantaloon.com.SearchPage_test" name="verifySearchFieldTest" time="0.001">
    <skipped/>
  </testcase> <!-- verifySearchFieldTest -->
  <system-out/>
  <testcase classname="com.pantaloon.com.SearchPage_test" name="verifySearchTextFieldTest" time="0.000">
    <skipped/>
  </testcase> <!-- verifySearchTextFieldTest -->
  <system-out/>
  <testcase classname="com.pantaloon.com.SearchPage_test" name="verifyGridFormatTest" time="0.001">
    <skipped/>
  </testcase> <!-- verifyGridFormatTest -->
  <system-out/>
  <testcase classname="com.pantaloon.com.SearchPage_test" name="verifySearchSuggestionTest" time="0.000">
    <skipped/>
  </testcase> <!-- verifySearchSuggestionTest -->
  <system-out/>
  <testcase classname="com.pantaloon.com.SearchPage_test" name="verifySearchSuggestionDisplayTest" time="0.000">
    <skipped/>
  </testcase> <!-- verifySearchSuggestionDisplayTest -->
  <system-out/>
  <testcase classname="com.pantaloon.com.SearchPage_test" name="verifySearchByLengthMultipleTimesTest" time="0.000">
    <skipped/>
  </testcase> <!-- verifySearchByLengthMultipleTimesTest -->
  <system-out/>
  <testcase classname="com.pantaloon.com.SearchPage_test" name="verifySearchWithProductTypeTest" time="0.001">
    <skipped/>
  </testcase> <!-- verifySearchWithProductTypeTest -->
  <system-out/>
  <testcase classname="com.pantaloon.com.SearchPage_test" name="verifyAbleToSearchByEnterButtonTest" time="0.000">
    <skipped/>
  </testcase> <!-- verifyAbleToSearchByEnterButtonTest -->
  <system-out/>
  <testcase classname="com.pantaloon.com.SearchPage_test" name="verifySearchWithDefaultSortByTest" time="0.000">
    <skipped/>
  </testcase> <!-- verifySearchWithDefaultSortByTest -->
  <system-out/>
  <testcase classname="com.pantaloon.com.SearchPage_test" name="verifySearchAlongWithSizeTest" time="0.000">
    <skipped/>
  </testcase> <!-- verifySearchAlongWithSizeTest -->
  <system-out/>
  <testcase classname="com.pantaloon.com.SearchPage_test" name="enterUpperAndLowerLetterTest" time="0.911"/>
  <system-out/>
  <testcase classname="com.pantaloon.com.SearchPage_test" name="verifyProductCounTest" time="0.000">
    <skipped/>
  </testcase> <!-- verifyProductCounTest -->
  <system-out/>
  <testcase classname="com.pantaloon.com.SearchPage_test" name="verifySearchTextAfterSearchTest" time="0.000">
    <skipped/>
  </testcase> <!-- verifySearchTextAfterSearchTest -->
  <system-out/>
  <testcase classname="com.pantaloon.com.SearchPage_test" name="verifySearchAlongWithColorTest" time="0.000">
    <skipped/>
  </testcase> <!-- verifySearchAlongWithColorTest -->
  <system-out/>
  <testcase classname="com.pantaloon.com.SearchPage_test" name="verifyAbleToSearchBySearchButtonTest" time="0.000">
    <skipped/>
  </testcase> <!-- verifyAbleToSearchBySearchButtonTest -->
  <system-out/>
  <testcase classname="com.pantaloon.com.SearchPage_test" name="verifySearchWithCatogaryNameTest" time="0.000">
    <skipped/>
  </testcase> <!-- verifySearchWithCatogaryNameTest -->
  <system-out/>
  <testcase classname="com.pantaloon.com.SearchPage_test" name="verifySearchAfterChoosingAnotherProductTest" time="0.000">
    <skipped/>
  </testcase> <!-- verifySearchAfterChoosingAnotherProductTest -->
  <system-out/>
  <testcase classname="com.pantaloon.com.SearchPage_test" name="enterTextAlphabateTest" time="5.459"/>
  <system-out/>
  <testcase classname="com.pantaloon.com.SearchPage_test" name="verifyUserAbletoEnterInSearchFieldTest" time="0.000">
    <skipped/>
  </testcase> <!-- verifyUserAbletoEnterInSearchFieldTest -->
  <system-out/>
  <testcase classname="com.pantaloon.com.SearchPage_test" name="configBrowser" time="5.513">
    <error message="unknown error: cannot determine loading status
from unknown error: unexpected command response
  (Session info: chrome=103.0.5060.114)
Build info: version: &#039;3.141.59&#039;, revision: &#039;e82be7d358&#039;, time: &#039;2018-11-14T08:17:03&#039;
System info: host: &#039;LAPTOP-P4P2FF7C&#039;, ip: &#039;192.168.0.128&#039;, os.name: &#039;Windows 11&#039;, os.arch: &#039;amd64&#039;, os.version: &#039;10.0&#039;, java.version: &#039;17.0.2&#039;
Driver info: org.openqa.selenium.chrome.ChromeDriver
Capabilities {acceptInsecureCerts: false, browserName: chrome, browserVersion: 103.0.5060.114, chrome: {chromedriverVersion: 103.0.5060.53 (a1711811edd7..., userDataDir: C:\Users\shubh\AppData\Loca...}, goog:chromeOptions: {debuggerAddress: localhost:61419}, javascriptEnabled: true, networkConnectionEnabled: false, pageLoadStrategy: normal, platform: WINDOWS, platformName: WINDOWS, proxy: Proxy(), setWindowRect: true, strictFileInteractability: false, timeouts: {implicit: 0, pageLoad: 300000, script: 30000}, unhandledPromptBehavior: dismiss and notify, webauthn:extension:credBlob: true, webauthn:extension:largeBlob: true, webauthn:virtualAuthenticators: true}
Session ID: 152be722d7d4afacab374004f10d8bbe" type="org.openqa.selenium.WebDriverException">
      <![CDATA[org.openqa.selenium.WebDriverException: unknown error: cannot determine loading status
from unknown error: unexpected command response
  (Session info: chrome=103.0.5060.114)
Build info: version: '3.141.59', revision: 'e82be7d358', time: '2018-11-14T08:17:03'
System info: host: 'LAPTOP-P4P2FF7C', ip: '192.168.0.128', os.name: 'Windows 11', os.arch: 'amd64', os.version: '10.0', java.version: '17.0.2'
Driver info: org.openqa.selenium.chrome.ChromeDriver
Capabilities {acceptInsecureCerts: false, browserName: chrome, browserVersion: 103.0.5060.114, chrome: {chromedriverVersion: 103.0.5060.53 (a1711811edd7..., userDataDir: C:\Users\shubh\AppData\Loca...}, goog:chromeOptions: {debuggerAddress: localhost:61419}, javascriptEnabled: true, networkConnectionEnabled: false, pageLoadStrategy: normal, platform: WINDOWS, platformName: WINDOWS, proxy: Proxy(), setWindowRect: true, strictFileInteractability: false, timeouts: {implicit: 0, pageLoad: 300000, script: 30000}, unhandledPromptBehavior: dismiss and notify, webauthn:extension:credBlob: true, webauthn:extension:largeBlob: true, webauthn:virtualAuthenticators: true}
Session ID: 152be722d7d4afacab374004f10d8bbe
at java.base/jdk.internal.reflect.NativeConstructorAccessorImpl.newInstance0(Native Method)
at java.base/jdk.internal.reflect.NativeConstructorAccessorImpl.newInstance(NativeConstructorAccessorImpl.java:77)
at java.base/jdk.internal.reflect.DelegatingConstructorAccessorImpl.newInstance(DelegatingConstructorAccessorImpl.java:45)
at java.base/java.lang.reflect.Constructor.newInstanceWithCaller(Constructor.java:499)
at java.base/java.lang.reflect.Constructor.newInstance(Constructor.java:480)
at org.openqa.selenium.remote.http.W3CHttpResponseCodec.createException(W3CHttpResponseCodec.java:187)
at org.openqa.selenium.remote.http.W3CHttpResponseCodec.decode(W3CHttpResponseCodec.java:122)
at org.openqa.selenium.remote.http.W3CHttpResponseCodec.decode(W3CHttpResponseCodec.java:49)
at org.openqa.selenium.remote.HttpCommandExecutor.execute(HttpCommandExecutor.java:158)
at org.openqa.selenium.remote.service.DriverCommandExecutor.execute(DriverCommandExecutor.java:83)
at org.openqa.selenium.remote.RemoteWebDriver.execute(RemoteWebDriver.java:552)
at org.openqa.selenium.remote.RemoteWebDriver.get(RemoteWebDriver.java:277)
at genrericUtilty.BaseClss.configBrowser(BaseClss.java:37)
at java.base/jdk.internal.reflect.NativeMethodAccessorImpl.invoke0(Native Method)
at java.base/jdk.internal.reflect.NativeMethodAccessorImpl.invoke(NativeMethodAccessorImpl.java:77)
at java.base/jdk.internal.reflect.DelegatingMethodAccessorImpl.invoke(DelegatingMethodAccessorImpl.java:43)
at java.base/java.lang.reflect.Method.invoke(Method.java:568)
at org.testng.internal.MethodInvocationHelper.invokeMethod(MethodInvocationHelper.java:133)
at org.testng.internal.MethodInvocationHelper.invokeMethodConsideringTimeout(MethodInvocationHelper.java:62)
at org.testng.internal.ConfigInvoker.invokeConfigurationMethod(ConfigInvoker.java:385)
at org.testng.internal.ConfigInvoker.invokeConfigurations(ConfigInvoker.java:321)
at org.testng.internal.TestInvoker.runConfigMethods(TestInvoker.java:700)
at org.testng.internal.TestInvoker.invokeMethod(TestInvoker.java:527)
at org.testng.internal.TestInvoker.invokeTestMethod(TestInvoker.java:173)
at org.testng.internal.MethodRunner.runInSequence(MethodRunner.java:46)
at org.testng.internal.TestInvoker$MethodInvocationAgent.invoke(TestInvoker.java:824)
at org.testng.internal.TestInvoker.invokeTestMethods(TestInvoker.java:146)
at org.testng.internal.TestMethodWorker.invokeTestMethods(TestMethodWorker.java:146)
at org.testng.internal.TestMethodWorker.run(TestMethodWorker.java:128)
at java.base/java.util.ArrayList.forEach(ArrayList.java:1511)
at org.testng.TestRunner.privateRun(TestRunner.java:794)
at org.testng.TestRunner.run(TestRunner.java:596)
at org.testng.SuiteRunner.runTest(SuiteRunner.java:377)
at org.testng.SuiteRunner.runSequentially(SuiteRunner.java:371)
at org.testng.SuiteRunner.privateRun(SuiteRunner.java:332)
at org.testng.SuiteRunner.run(SuiteRunner.java:276)
at org.testng.SuiteRunnerWorker.runSuite(SuiteRunnerWorker.java:53)
at org.testng.SuiteRunnerWorker.run(SuiteRunnerWorker.java:96)
at org.testng.TestNG.runSuitesSequentially(TestNG.java:1212)
at org.testng.TestNG.runSuitesLocally(TestNG.java:1134)
at org.testng.TestNG.runSuites(TestNG.java:1063)
at org.testng.TestNG.run(TestNG.java:1031)
at org.testng.remote.AbstractRemoteTestNG.run(AbstractRemoteTestNG.java:115)
at org.testng.remote.RemoteTestNG.initAndRun(RemoteTestNG.java:251)
at org.testng.remote.RemoteTestNG.main(RemoteTestNG.java:77)
]]>
    </error>
  </testcase> <!-- configBrowser -->
  <system-out/>
  <testcase classname="com.pantaloon.com.SearchPage_test" name="verifyClearButtonTest" time="0.000">
    <skipped/>
  </testcase> <!-- verifyClearButtonTest -->
  <system-out/>
  <testcase classname="com.pantaloon.com.SearchPage_test" name="verifySearchByOccasionTest" time="0.000">
    <skipped/>
  </testcase> <!-- verifySearchByOccasionTest -->
  <system-out/>
  <testcase classname="com.pantaloon.com.SearchPage_test" name="verifySearchWithSingleCharacterTest" time="0.000">
    <skipped/>
  </testcase> <!-- verifySearchWithSingleCharacterTest -->
  <system-out/>
</testsuite> <!-- com.pantaloon.com.SearchPage_test -->
