<?xml version="1.0" encoding="UTF-8"?>
<!-- Generated by org.testng.reporters.JUnitXMLReporter -->
<testsuite ignored="0" hostname="LAPTOP-P4P2FF7C" failures="12" tests="44" name="Test" time="1089.121" errors="0" timestamp="2022-07-08T13:15:19 IST">
  <testcase classname="assignemnt.SearchPage_test" name="enterAlphaNumericTest" time="3.516"/>
  <testcase classname="assignemnt.SearchPage_test" name="enterNumericValueTest" time="3.338">
    <failure type="java.lang.AssertionError">
      <![CDATA[java.lang.AssertionError: 
at assignemnt.SearchPage_test.enterNumericValueTest(SearchPage_test.java:82)
at java.base/java.util.ArrayList.forEach(ArrayList.java:1511)
... Removed 30 stack frames]]>
    </failure>
  </testcase> <!-- enterNumericValueTest -->
  <testcase classname="assignemnt.SearchPage_test" name="enterTextAlphabateTest" time="0.516"/>
  <testcase classname="assignemnt.SearchPage_test" name="enterUpperAndLowerLetterTest" time="0.398"/>
  <testcase classname="assignemnt.SearchPage_test" name="verifyAbleToSearchByEnterButtonTest" time="3.851"/>
  <testcase classname="assignemnt.SearchPage_test" name="verifyAbleToSearchBySearchButtonTest" time="3.494"/>
  <testcase classname="assignemnt.SearchPage_test" name="verifyClearAllOptionTest" time="10.262">
    <failure type="org.openqa.selenium.NoSuchElementException" message="no such element: Unable to locate element: {&amp;quot;method&amp;quot;:&amp;quot;xpath&amp;quot;,&amp;quot;selector&amp;quot;:&amp;quot;//a[.=&amp;apos;Clear All&amp;apos;]&amp;quot;}
  (Session info: chrome=103.0.5060.114)
For documentation on this error, please visit: https://www.seleniumhq.org/exceptions/no_such_element.html
Build info: version: &amp;apos;3.141.59&amp;apos;, revision: &amp;apos;e82be7d358&amp;apos;, time: &amp;apos;2018-11-14T08:17:03&amp;apos;
System info: host: &amp;apos;LAPTOP-P4P2FF7C&amp;apos;, ip: &amp;apos;192.168.25.162&amp;apos;, os.name: &amp;apos;Windows 11&amp;apos;, os.arch: &amp;apos;amd64&amp;apos;, os.version: &amp;apos;10.0&amp;apos;, java.version: &amp;apos;17.0.2&amp;apos;
Driver info: org.openqa.selenium.chrome.ChromeDriver
Capabilities {acceptInsecureCerts: false, browserName: chrome, browserVersion: 103.0.5060.114, chrome: {chromedriverVersion: 103.0.5060.53 (a1711811edd7..., userDataDir: C:\Users\shubh\AppData\Loca...}, goog:chromeOptions: {debuggerAddress: localhost:54122}, javascriptEnabled: true, networkConnectionEnabled: false, pageLoadStrategy: normal, platform: WINDOWS, platformName: WINDOWS, proxy: Proxy(), setWindowRect: true, strictFileInteractability: false, timeouts: {implicit: 0, pageLoad: 300000, script: 30000}, unhandledPromptBehavior: dismiss and notify, webauthn:extension:credBlob: true, webauthn:extension:largeBlob: true, webauthn:virtualAuthenticators: true}
Session ID: 649fb6a499941eca539de7e62468aa9e
*** Element info: {Using=xpath, value=//a[.=&amp;apos;Clear All&amp;apos;]}">
      <![CDATA[org.openqa.selenium.NoSuchElementException: no such element: Unable to locate element: {"method":"xpath","selector":"//a[.='Clear All']"}
  (Session info: chrome=103.0.5060.114)
For documentation on this error, please visit: https://www.seleniumhq.org/exceptions/no_such_element.html
Build info: version: '3.141.59', revision: 'e82be7d358', time: '2018-11-14T08:17:03'
System info: host: 'LAPTOP-P4P2FF7C', ip: '192.168.25.162', os.name: 'Windows 11', os.arch: 'amd64', os.version: '10.0', java.version: '17.0.2'
Driver info: org.openqa.selenium.chrome.ChromeDriver
Capabilities {acceptInsecureCerts: false, browserName: chrome, browserVersion: 103.0.5060.114, chrome: {chromedriverVersion: 103.0.5060.53 (a1711811edd7..., userDataDir: C:\Users\shubh\AppData\Loca...}, goog:chromeOptions: {debuggerAddress: localhost:54122}, javascriptEnabled: true, networkConnectionEnabled: false, pageLoadStrategy: normal, platform: WINDOWS, platformName: WINDOWS, proxy: Proxy(), setWindowRect: true, strictFileInteractability: false, timeouts: {implicit: 0, pageLoad: 300000, script: 30000}, unhandledPromptBehavior: dismiss and notify, webauthn:extension:credBlob: true, webauthn:extension:largeBlob: true, webauthn:virtualAuthenticators: true}
Session ID: 649fb6a499941eca539de7e62468aa9e
*** Element info: {Using=xpath, value=//a[.='Clear All']}
at org.openqa.selenium.remote.http.W3CHttpResponseCodec.createException(W3CHttpResponseCodec.java:187)
at org.openqa.selenium.remote.http.W3CHttpResponseCodec.decode(W3CHttpResponseCodec.java:122)
at org.openqa.selenium.remote.http.W3CHttpResponseCodec.decode(W3CHttpResponseCodec.java:49)
at org.openqa.selenium.remote.HttpCommandExecutor.execute(HttpCommandExecutor.java:158)
at org.openqa.selenium.remote.service.DriverCommandExecutor.execute(DriverCommandExecutor.java:83)
at org.openqa.selenium.remote.RemoteWebDriver.execute(RemoteWebDriver.java:552)
at org.openqa.selenium.remote.RemoteWebDriver.findElement(RemoteWebDriver.java:323)
at org.openqa.selenium.remote.RemoteWebDriver.findElementByXPath(RemoteWebDriver.java:428)
at org.openqa.selenium.By$ByXPath.findElement(By.java:353)
at org.openqa.selenium.remote.RemoteWebDriver.findElement(RemoteWebDriver.java:315)
at assignemnt.SearchPage_test.verifyClearAllOptionTest(SearchPage_test.java:199)
at java.base/java.util.ArrayList.forEach(ArrayList.java:1511)
... Removed 32 stack frames]]>
    </failure>
  </testcase> <!-- verifyClearAllOptionTest -->
  <testcase classname="assignemnt.SearchPage_test" name="verifyClearButtonTest" time="0.216">
    <failure type="java.lang.AssertionError" message="expected:&amp;lt;false&amp;gt; but was:&amp;lt;true&amp;gt;">
      <![CDATA[java.lang.AssertionError: expected:<false> but was:<true>
at assignemnt.SearchPage_test.verifyClearButtonTest(SearchPage_test.java:176)
at java.base/java.util.ArrayList.forEach(ArrayList.java:1511)
... Removed 32 stack frames]]>
    </failure>
  </testcase> <!-- verifyClearButtonTest -->
  <testcase classname="assignemnt.SearchPage_test" name="verifyClearOPtionIsAvailableOrNotTest" time="0.098"/>
  <testcase classname="assignemnt.SearchPage_test" name="verifyClearOptionTest" time="0.665"/>
  <testcase classname="assignemnt.SearchPage_test" name="verifyCutAndCopyTestTest" time="1.231">
    <failure type="java.lang.AssertionError">
      <![CDATA[java.lang.AssertionError: 
at assignemnt.SearchPage_test.verifyCutAndCopyTestTest(SearchPage_test.java:246)
at java.base/java.util.ArrayList.forEach(ArrayList.java:1511)
... Removed 30 stack frames]]>
    </failure>
  </testcase> <!-- verifyCutAndCopyTestTest -->
  <testcase classname="assignemnt.SearchPage_test" name="verifyGridFormatTest" time="3.175"/>
  <testcase classname="assignemnt.SearchPage_test" name="verifyMouseHourOnClearButtonTest" time="0.286">
    <failure type="org.openqa.selenium.ElementNotInteractableException" message="element not interactable:  has no size and location
  (Session info: chrome=103.0.5060.114)
Build info: version: &amp;apos;3.141.59&amp;apos;, revision: &amp;apos;e82be7d358&amp;apos;, time: &amp;apos;2018-11-14T08:17:03&amp;apos;
System info: host: &amp;apos;LAPTOP-P4P2FF7C&amp;apos;, ip: &amp;apos;192.168.25.162&amp;apos;, os.name: &amp;apos;Windows 11&amp;apos;, os.arch: &amp;apos;amd64&amp;apos;, os.version: &amp;apos;10.0&amp;apos;, java.version: &amp;apos;17.0.2&amp;apos;
Driver info: org.openqa.selenium.chrome.ChromeDriver
Capabilities {acceptInsecureCerts: false, browserName: chrome, browserVersion: 103.0.5060.114, chrome: {chromedriverVersion: 103.0.5060.53 (a1711811edd7..., userDataDir: C:\Users\shubh\AppData\Loca...}, goog:chromeOptions: {debuggerAddress: localhost:54809}, javascriptEnabled: true, networkConnectionEnabled: false, pageLoadStrategy: normal, platform: WINDOWS, platformName: WINDOWS, proxy: Proxy(), setWindowRect: true, strictFileInteractability: false, timeouts: {implicit: 0, pageLoad: 300000, script: 30000}, unhandledPromptBehavior: dismiss and notify, webauthn:extension:credBlob: true, webauthn:extension:largeBlob: true, webauthn:virtualAuthenticators: true}
Session ID: 400dd2ea48c47155079574914b053d78">
      <![CDATA[org.openqa.selenium.ElementNotInteractableException: element not interactable:  has no size and location
  (Session info: chrome=103.0.5060.114)
Build info: version: '3.141.59', revision: 'e82be7d358', time: '2018-11-14T08:17:03'
System info: host: 'LAPTOP-P4P2FF7C', ip: '192.168.25.162', os.name: 'Windows 11', os.arch: 'amd64', os.version: '10.0', java.version: '17.0.2'
Driver info: org.openqa.selenium.chrome.ChromeDriver
Capabilities {acceptInsecureCerts: false, browserName: chrome, browserVersion: 103.0.5060.114, chrome: {chromedriverVersion: 103.0.5060.53 (a1711811edd7..., userDataDir: C:\Users\shubh\AppData\Loca...}, goog:chromeOptions: {debuggerAddress: localhost:54809}, javascriptEnabled: true, networkConnectionEnabled: false, pageLoadStrategy: normal, platform: WINDOWS, platformName: WINDOWS, proxy: Proxy(), setWindowRect: true, strictFileInteractability: false, timeouts: {implicit: 0, pageLoad: 300000, script: 30000}, unhandledPromptBehavior: dismiss and notify, webauthn:extension:credBlob: true, webauthn:extension:largeBlob: true, webauthn:virtualAuthenticators: true}
Session ID: 400dd2ea48c47155079574914b053d78
at org.openqa.selenium.remote.http.W3CHttpResponseCodec.createException(W3CHttpResponseCodec.java:187)
at org.openqa.selenium.remote.http.W3CHttpResponseCodec.decode(W3CHttpResponseCodec.java:122)
at org.openqa.selenium.remote.http.W3CHttpResponseCodec.decode(W3CHttpResponseCodec.java:49)
at org.openqa.selenium.remote.HttpCommandExecutor.execute(HttpCommandExecutor.java:158)
at org.openqa.selenium.remote.service.DriverCommandExecutor.execute(DriverCommandExecutor.java:83)
at org.openqa.selenium.remote.RemoteWebDriver.execute(RemoteWebDriver.java:552)
at org.openqa.selenium.remote.RemoteWebDriver.perform(RemoteWebDriver.java:618)
at org.openqa.selenium.interactions.Actions$BuiltAction.perform(Actions.java:639)
at org.openqa.selenium.interactions.Actions.perform(Actions.java:595)
at genrericUtilty.WebDriverUtilty.performAction(WebDriverUtilty.java:43)
at assignemnt.SearchPage_test.verifyMouseHourOnClearButtonTest(SearchPage_test.java:122)
at java.base/java.util.ArrayList.forEach(ArrayList.java:1511)
... Removed 32 stack frames]]>
    </failure>
  </testcase> <!-- verifyMouseHourOnClearButtonTest -->
  <testcase classname="assignemnt.SearchPage_test" name="verifyMouseHourOnSearchFieldTest" time="0.005">
    <failure type="java.lang.NullPointerException" message="Cannot invoke &amp;quot;org.openqa.selenium.WebDriver.manage()&amp;quot; because &amp;quot;this.driver&amp;quot; is null">
      <![CDATA[java.lang.NullPointerException: Cannot invoke "org.openqa.selenium.WebDriver.manage()" because "this.driver" is null
at genrericUtilty.WebDriverUtilty.implcitWait(WebDriverUtilty.java:29)
at assignemnt.SearchPage_test.verifyMouseHourOnSearchFieldTest(SearchPage_test.java:252)
at java.base/java.util.ArrayList.forEach(ArrayList.java:1511)
... Removed 27 stack frames]]>
    </failure>
  </testcase> <!-- verifyMouseHourOnSearchFieldTest -->
  <testcase classname="assignemnt.SearchPage_test" name="verifyMouseHourOnSearchIconTest" time="3.302"/>
  <testcase classname="assignemnt.SearchPage_test" name="verifyMouseHouseOnSearchIconTest" time="5.149"/>
  <testcase classname="assignemnt.SearchPage_test" name="verifyPriceTest" time="1.806">
    <failure type="java.lang.AssertionError">
      <![CDATA[java.lang.AssertionError: 
at assignemnt.SearchPage_test.verifyPriceTest(SearchPage_test.java:475)
at java.base/java.util.ArrayList.forEach(ArrayList.java:1511)
... Removed 30 stack frames]]>
    </failure>
  </testcase> <!-- verifyPriceTest -->
  <testcase classname="assignemnt.SearchPage_test" name="verifyProductCounTest" time="2.851"/>
  <testcase classname="assignemnt.SearchPage_test" name="verifySearchAfterChoosingAnotherProductTest" time="6.094"/>
  <testcase classname="assignemnt.SearchPage_test" name="verifySearchAlongWithColorTest" time="8.303">
    <failure type="java.lang.AssertionError">
      <![CDATA[java.lang.AssertionError: 
at assignemnt.SearchPage_test.verifySearchAlongWithColorTest(SearchPage_test.java:423)
at java.base/java.util.ArrayList.forEach(ArrayList.java:1511)
... Removed 30 stack frames]]>
    </failure>
  </testcase> <!-- verifySearchAlongWithColorTest -->
  <testcase classname="assignemnt.SearchPage_test" name="verifySearchAlongWithSizeTest" time="2.919"/>
  <testcase classname="assignemnt.SearchPage_test" name="verifySearchByLengthMultipleTimesTest" time="46.509"/>
  <testcase classname="assignemnt.SearchPage_test" name="verifySearchByLengthTest" time="15.942"/>
  <testcase classname="assignemnt.SearchPage_test" name="verifySearchByMultiOccasionTest" time="4.075"/>
  <testcase classname="assignemnt.SearchPage_test" name="verifySearchByOccasionTest" time="3.345">
    <failure type="java.lang.AssertionError">
      <![CDATA[java.lang.AssertionError: 
at assignemnt.SearchPage_test.verifySearchByOccasionTest(SearchPage_test.java:432)
at java.base/java.util.ArrayList.forEach(ArrayList.java:1511)
... Removed 30 stack frames]]>
    </failure>
  </testcase> <!-- verifySearchByOccasionTest -->
  <testcase classname="assignemnt.SearchPage_test" name="verifySearchByProductMaterialTest" time="15.968">
    <failure type="org.openqa.selenium.NoSuchElementException" message="no such element: Unable to locate element: {&amp;quot;method&amp;quot;:&amp;quot;xpath&amp;quot;,&amp;quot;selector&amp;quot;:&amp;quot;//div[@class=&amp;quot;MuiAccordionDetails-root accordion-details&amp;quot;]/descendant::li[6]&amp;quot;}
  (Session info: chrome=103.0.5060.114)
For documentation on this error, please visit: https://www.seleniumhq.org/exceptions/no_such_element.html
Build info: version: &amp;apos;3.141.59&amp;apos;, revision: &amp;apos;e82be7d358&amp;apos;, time: &amp;apos;2018-11-14T08:17:03&amp;apos;
System info: host: &amp;apos;LAPTOP-P4P2FF7C&amp;apos;, ip: &amp;apos;192.168.25.162&amp;apos;, os.name: &amp;apos;Windows 11&amp;apos;, os.arch: &amp;apos;amd64&amp;apos;, os.version: &amp;apos;10.0&amp;apos;, java.version: &amp;apos;17.0.2&amp;apos;
Driver info: org.openqa.selenium.chrome.ChromeDriver
Capabilities {acceptInsecureCerts: false, browserName: chrome, browserVersion: 103.0.5060.114, chrome: {chromedriverVersion: 103.0.5060.53 (a1711811edd7..., userDataDir: C:\Users\shubh\AppData\Loca...}, goog:chromeOptions: {debuggerAddress: localhost:56467}, javascriptEnabled: true, networkConnectionEnabled: false, pageLoadStrategy: normal, platform: WINDOWS, platformName: WINDOWS, proxy: Proxy(), setWindowRect: true, strictFileInteractability: false, timeouts: {implicit: 0, pageLoad: 300000, script: 30000}, unhandledPromptBehavior: dismiss and notify, webauthn:extension:credBlob: true, webauthn:extension:largeBlob: true, webauthn:virtualAuthenticators: true}
Session ID: 6b630df56ec8896ef23939f7fe516907
*** Element info: {Using=xpath, value=//div[@class=&amp;quot;MuiAccordionDetails-root accordion-details&amp;quot;]/descendant::li[6]}">
      <![CDATA[org.openqa.selenium.NoSuchElementException: no such element: Unable to locate element: {"method":"xpath","selector":"//div[@class="MuiAccordionDetails-root accordion-details"]/descendant::li[6]"}
  (Session info: chrome=103.0.5060.114)
For documentation on this error, please visit: https://www.seleniumhq.org/exceptions/no_such_element.html
Build info: version: '3.141.59', revision: 'e82be7d358', time: '2018-11-14T08:17:03'
System info: host: 'LAPTOP-P4P2FF7C', ip: '192.168.25.162', os.name: 'Windows 11', os.arch: 'amd64', os.version: '10.0', java.version: '17.0.2'
Driver info: org.openqa.selenium.chrome.ChromeDriver
Capabilities {acceptInsecureCerts: false, browserName: chrome, browserVersion: 103.0.5060.114, chrome: {chromedriverVersion: 103.0.5060.53 (a1711811edd7..., userDataDir: C:\Users\shubh\AppData\Loca...}, goog:chromeOptions: {debuggerAddress: localhost:56467}, javascriptEnabled: true, networkConnectionEnabled: false, pageLoadStrategy: normal, platform: WINDOWS, platformName: WINDOWS, proxy: Proxy(), setWindowRect: true, strictFileInteractability: false, timeouts: {implicit: 0, pageLoad: 300000, script: 30000}, unhandledPromptBehavior: dismiss and notify, webauthn:extension:credBlob: true, webauthn:extension:largeBlob: true, webauthn:virtualAuthenticators: true}
Session ID: 6b630df56ec8896ef23939f7fe516907
*** Element info: {Using=xpath, value=//div[@class="MuiAccordionDetails-root accordion-details"]/descendant::li[6]}
at org.openqa.selenium.remote.http.W3CHttpResponseCodec.createException(W3CHttpResponseCodec.java:187)
at org.openqa.selenium.remote.http.W3CHttpResponseCodec.decode(W3CHttpResponseCodec.java:122)
at org.openqa.selenium.remote.http.W3CHttpResponseCodec.decode(W3CHttpResponseCodec.java:49)
at org.openqa.selenium.remote.HttpCommandExecutor.execute(HttpCommandExecutor.java:158)
at org.openqa.selenium.remote.service.DriverCommandExecutor.execute(DriverCommandExecutor.java:83)
at org.openqa.selenium.remote.RemoteWebDriver.execute(RemoteWebDriver.java:552)
at org.openqa.selenium.remote.RemoteWebDriver.findElement(RemoteWebDriver.java:323)
at org.openqa.selenium.remote.RemoteWebDriver.findElementByXPath(RemoteWebDriver.java:428)
at org.openqa.selenium.By$ByXPath.findElement(By.java:353)
at org.openqa.selenium.remote.RemoteWebDriver.findElement(RemoteWebDriver.java:315)
at assignemnt.SearchPage_test.verifySearchByProductMaterialTest(SearchPage_test.java:487)
at java.base/java.util.ArrayList.forEach(ArrayList.java:1511)
... Removed 32 stack frames]]>
    </failure>
  </testcase> <!-- verifySearchByProductMaterialTest -->
  <testcase classname="assignemnt.SearchPage_test" name="verifySearchFieldTest" time="0.062"/>
  <testcase classname="assignemnt.SearchPage_test" name="verifySearchSuggestionDisplayTest" time="1.112"/>
  <testcase classname="assignemnt.SearchPage_test" name="verifySearchSuggestionTest" time="3.631"/>
  <testcase classname="assignemnt.SearchPage_test" name="verifySearchSuggestionWithMispelledTest" time="1.079">
    <failure type="java.lang.AssertionError">
      <![CDATA[java.lang.AssertionError: 
at assignemnt.SearchPage_test.verifySearchSuggestionWithMispelledTest(SearchPage_test.java:331)
at java.base/java.util.ArrayList.forEach(ArrayList.java:1511)
... Removed 30 stack frames]]>
    </failure>
  </testcase> <!-- verifySearchSuggestionWithMispelledTest -->
  <testcase classname="assignemnt.SearchPage_test" name="verifySearchTextAfterSearchTest" time="1.571"/>
  <testcase classname="assignemnt.SearchPage_test" name="verifySearchTextFieldTest" time="0.305"/>
  <testcase classname="assignemnt.SearchPage_test" name="verifySearchWithCatogaryNameTest" time="1.048"/>
  <testcase classname="assignemnt.SearchPage_test" name="verifySearchWithDefaultSortByTest" time="5.297"/>
  <testcase classname="assignemnt.SearchPage_test" name="verifySearchWithFitTypeTest" time="14.853"/>
  <testcase classname="assignemnt.SearchPage_test" name="verifySearchWithMultipleBrandTest" time="2.127"/>
  <testcase classname="assignemnt.SearchPage_test" name="verifySearchWithMultipleBrandsTest" time="3.525">
    <failure type="java.lang.AssertionError">
      <![CDATA[java.lang.AssertionError: 
at assignemnt.SearchPage_test.verifySearchWithMultipleBrandsTest(SearchPage_test.java:394)
at java.base/java.util.ArrayList.forEach(ArrayList.java:1511)
... Removed 30 stack frames]]>
    </failure>
  </testcase> <!-- verifySearchWithMultipleBrandsTest -->
  <testcase classname="assignemnt.SearchPage_test" name="verifySearchWithMultipleCharacterTest" time="2.049"/>
  <testcase classname="assignemnt.SearchPage_test" name="verifySearchWithProductTypeTest" time="4.341"/>
  <testcase classname="assignemnt.SearchPage_test" name="verifySearchWithRelatedBrandTest" time="3.115"/>
  <testcase classname="assignemnt.SearchPage_test" name="verifySearchWithSingleCharacterTest" time="3.036"/>
  <testcase classname="assignemnt.SearchPage_test" name="verifySearchfieldAfterClickOnClearButtonTest" time="0.729"/>
  <testcase classname="assignemnt.SearchPage_test" name="verifyTradingSuggestionTest" time="1.357"/>
  <testcase classname="assignemnt.SearchPage_test" name="verifyUserAbletoEnterInSearchFieldTest" time="0.406"/>
</testsuite> <!-- Test -->
