<?xml version="1.0" encoding="UTF-8"?>
<!-- Generated by org.testng.reporters.JUnitXMLReporter -->
<testsuite ignored="0" hostname="LAPTOP-P4P2FF7C" failures="1" tests="24" name="Default test" time="118.234" errors="0" timestamp="2022-07-19T12:58:19 IST">
  <testcase classname="genrericUtilty.BaseClss" name="@BeforeMethod configBrowser" time="45.271">
    <failure type="org.openqa.selenium.WebDriverException" message="chrome not reachable
  (Session info: chrome=103.0.5060.114)
Build info: version: &amp;apos;3.141.59&amp;apos;, revision: &amp;apos;e82be7d358&amp;apos;, time: &amp;apos;2018-11-14T08:17:03&amp;apos;
System info: host: &amp;apos;LAPTOP-P4P2FF7C&amp;apos;, ip: &amp;apos;192.168.0.128&amp;apos;, os.name: &amp;apos;Windows 11&amp;apos;, os.arch: &amp;apos;amd64&amp;apos;, os.version: &amp;apos;10.0&amp;apos;, java.version: &amp;apos;17.0.2&amp;apos;
Driver info: org.openqa.selenium.chrome.ChromeDriver
Capabilities {acceptInsecureCerts: false, browserName: chrome, browserVersion: 103.0.5060.114, chrome: {chromedriverVersion: 103.0.5060.53 (a1711811edd7..., userDataDir: C:\Users\shubh\AppData\Loca...}, goog:chromeOptions: {debuggerAddress: localhost:62158}, javascriptEnabled: true, networkConnectionEnabled: false, pageLoadStrategy: normal, platform: WINDOWS, platformName: WINDOWS, proxy: Proxy(), setWindowRect: true, strictFileInteractability: false, timeouts: {implicit: 0, pageLoad: 300000, script: 30000}, unhandledPromptBehavior: dismiss and notify, webauthn:extension:credBlob: true, webauthn:extension:largeBlob: true, webauthn:virtualAuthenticators: true}
Session ID: 98164b458419b11318254d12d2c447da
*** Element info: {Using=xpath, value=//button[@class=&amp;apos;No thanks&amp;apos;]}">
      <![CDATA[org.openqa.selenium.WebDriverException: chrome not reachable
  (Session info: chrome=103.0.5060.114)
Build info: version: '3.141.59', revision: 'e82be7d358', time: '2018-11-14T08:17:03'
System info: host: 'LAPTOP-P4P2FF7C', ip: '192.168.0.128', os.name: 'Windows 11', os.arch: 'amd64', os.version: '10.0', java.version: '17.0.2'
Driver info: org.openqa.selenium.chrome.ChromeDriver
Capabilities {acceptInsecureCerts: false, browserName: chrome, browserVersion: 103.0.5060.114, chrome: {chromedriverVersion: 103.0.5060.53 (a1711811edd7..., userDataDir: C:\Users\shubh\AppData\Loca...}, goog:chromeOptions: {debuggerAddress: localhost:62158}, javascriptEnabled: true, networkConnectionEnabled: false, pageLoadStrategy: normal, platform: WINDOWS, platformName: WINDOWS, proxy: Proxy(), setWindowRect: true, strictFileInteractability: false, timeouts: {implicit: 0, pageLoad: 300000, script: 30000}, unhandledPromptBehavior: dismiss and notify, webauthn:extension:credBlob: true, webauthn:extension:largeBlob: true, webauthn:virtualAuthenticators: true}
Session ID: 98164b458419b11318254d12d2c447da
*** Element info: {Using=xpath, value=//button[@class='No thanks']}
at java.base/jdk.internal.reflect.NativeConstructorAccessorImpl.newInstance0(Native Method)
at java.base/jdk.internal.reflect.NativeConstructorAccessorImpl.newInstance(NativeConstructorAccessorImpl.java:77)
at java.base/jdk.internal.reflect.DelegatingConstructorAccessorImpl.newInstance(DelegatingConstructorAccessorImpl.java:45)
at java.base/java.lang.reflect.Constructor.newInstanceWithCaller(Constructor.java:499)
at java.base/java.lang.reflect.Constructor.newInstance(Constructor.java:480)
at org.openqa.selenium.remote.http.W3CHttpResponseCodec.createException(W3CHttpResponseCodec.java:187)
at org.openqa.selenium.remote.http.W3CHttpResponseCodec.decode(W3CHttpResponseCodec.java:122)
at org.openqa.selenium.remote.http.W3CHttpResponseCodec.decode(W3CHttpResponseCodec.java:49)
at org.openqa.selenium.remote.HttpCommandExecutor.execute(HttpCommandExecutor.java:158)
at org.openqa.selenium.remote.service.DriverCommandExecutor.execute(DriverCommandExecutor.java:83)
at org.openqa.selenium.remote.RemoteWebDriver.execute(RemoteWebDriver.java:552)
at org.openqa.selenium.remote.RemoteWebDriver.findElement(RemoteWebDriver.java:323)
at org.openqa.selenium.remote.RemoteWebDriver.findElementByXPath(RemoteWebDriver.java:428)
at org.openqa.selenium.By$ByXPath.findElement(By.java:353)
at org.openqa.selenium.remote.RemoteWebDriver.findElement(RemoteWebDriver.java:315)
at org.openqa.selenium.support.pagefactory.DefaultElementLocator.findElement(DefaultElementLocator.java:69)
at org.openqa.selenium.support.pagefactory.internal.LocatingElementHandler.invoke(LocatingElementHandler.java:38)
at jdk.proxy2/jdk.proxy2.$Proxy12.click(Unknown Source)
at genrericUtilty.BaseClss.configBrowser(BaseClss.java:39)
at java.base/jdk.internal.reflect.NativeMethodAccessorImpl.invoke0(Native Method)
at java.base/jdk.internal.reflect.NativeMethodAccessorImpl.invoke(NativeMethodAccessorImpl.java:77)
at java.base/jdk.internal.reflect.DelegatingMethodAccessorImpl.invoke(DelegatingMethodAccessorImpl.java:43)
at java.base/java.lang.reflect.Method.invoke(Method.java:568)
at org.testng.internal.MethodInvocationHelper.invokeMethod(MethodInvocationHelper.java:133)
at org.testng.internal.MethodInvocationHelper.invokeMethodConsideringTimeout(MethodInvocationHelper.java:62)
at org.testng.internal.ConfigInvoker.invokeConfigurationMethod(ConfigInvoker.java:385)
at org.testng.internal.ConfigInvoker.invokeConfigurations(ConfigInvoker.java:321)
at org.testng.internal.TestInvoker.runConfigMethods(TestInvoker.java:700)
at org.testng.internal.TestInvoker.invokeMethod(TestInvoker.java:527)
at org.testng.internal.TestInvoker.invokeTestMethod(TestInvoker.java:173)
at org.testng.internal.MethodRunner.runInSequence(MethodRunner.java:46)
at org.testng.internal.TestInvoker$MethodInvocationAgent.invoke(TestInvoker.java:824)
at org.testng.internal.TestInvoker.invokeTestMethods(TestInvoker.java:146)
at org.testng.internal.TestMethodWorker.invokeTestMethods(TestMethodWorker.java:146)
at org.testng.internal.TestMethodWorker.run(TestMethodWorker.java:128)
at java.base/java.util.ArrayList.forEach(ArrayList.java:1511)
at org.testng.TestRunner.privateRun(TestRunner.java:794)
at org.testng.TestRunner.run(TestRunner.java:596)
at org.testng.SuiteRunner.runTest(SuiteRunner.java:377)
at org.testng.SuiteRunner.runSequentially(SuiteRunner.java:371)
at org.testng.SuiteRunner.privateRun(SuiteRunner.java:332)
at org.testng.SuiteRunner.run(SuiteRunner.java:276)
at org.testng.SuiteRunnerWorker.runSuite(SuiteRunnerWorker.java:53)
at org.testng.SuiteRunnerWorker.run(SuiteRunnerWorker.java:96)
at org.testng.TestNG.runSuitesSequentially(TestNG.java:1212)
at org.testng.TestNG.runSuitesLocally(TestNG.java:1134)
at org.testng.TestNG.runSuites(TestNG.java:1063)
at org.testng.TestNG.run(TestNG.java:1031)
at org.testng.remote.AbstractRemoteTestNG.run(AbstractRemoteTestNG.java:115)
at org.testng.remote.RemoteTestNG.initAndRun(RemoteTestNG.java:251)
at org.testng.remote.RemoteTestNG.main(RemoteTestNG.java:77)
]]>
    </failure>
  </testcase> <!-- @BeforeMethod configBrowser -->
  <testcase classname="genrericUtilty.BaseClss" name="@AfterMethod closeBrowser" time="-1.658215699364E9">
    <skipped/>
  </testcase> <!-- @AfterMethod closeBrowser -->
  <testcase classname="genrericUtilty.BaseClss" name="@BeforeMethod configBrowser" time="-1.658215699368E9">
    <skipped/>
  </testcase> <!-- @BeforeMethod configBrowser -->
  <testcase classname="genrericUtilty.BaseClss" name="@AfterMethod closeBrowser" time="-1.658215699379E9">
    <skipped/>
  </testcase> <!-- @AfterMethod closeBrowser -->
  <testcase classname="genrericUtilty.BaseClss" name="@BeforeMethod configBrowser" time="-1.658215699381E9">
    <skipped/>
  </testcase> <!-- @BeforeMethod configBrowser -->
  <testcase classname="genrericUtilty.BaseClss" name="@AfterMethod closeBrowser" time="-1.658215699395E9">
    <skipped/>
  </testcase> <!-- @AfterMethod closeBrowser -->
  <testcase classname="genrericUtilty.BaseClss" name="@BeforeMethod configBrowser" time="-1.658215699401E9">
    <skipped/>
  </testcase> <!-- @BeforeMethod configBrowser -->
  <testcase classname="genrericUtilty.BaseClss" name="@AfterMethod closeBrowser" time="-1.658215699412E9">
    <skipped/>
  </testcase> <!-- @AfterMethod closeBrowser -->
  <testcase classname="genrericUtilty.BaseClss" name="@BeforeMethod configBrowser" time="-1.658215699416E9">
    <skipped/>
  </testcase> <!-- @BeforeMethod configBrowser -->
  <testcase classname="genrericUtilty.BaseClss" name="@AfterMethod closeBrowser" time="-1.658215699422E9">
    <skipped/>
  </testcase> <!-- @AfterMethod closeBrowser -->
  <testcase classname="genrericUtilty.BaseClss" name="@BeforeMethod configBrowser" time="-1.658215699427E9">
    <skipped/>
  </testcase> <!-- @BeforeMethod configBrowser -->
  <testcase classname="genrericUtilty.BaseClss" name="@AfterMethod closeBrowser" time="-1.658215699439E9">
    <skipped/>
  </testcase> <!-- @AfterMethod closeBrowser -->
  <testcase classname="genrericUtilty.BaseClss" name="@BeforeMethod configBrowser" time="-1.658215699441E9">
    <skipped/>
  </testcase> <!-- @BeforeMethod configBrowser -->
  <testcase classname="genrericUtilty.BaseClss" name="@AfterMethod closeBrowser" time="-1.658215699453E9">
    <skipped/>
  </testcase> <!-- @AfterMethod closeBrowser -->
  <testcase classname="genrericUtilty.BaseClss" name="@BeforeMethod configBrowser" time="-1.658215699455E9">
    <skipped/>
  </testcase> <!-- @BeforeMethod configBrowser -->
  <testcase classname="genrericUtilty.BaseClss" name="@AfterMethod closeBrowser" time="-1.658215699467E9">
    <skipped/>
  </testcase> <!-- @AfterMethod closeBrowser -->
  <testcase classname="genrericUtilty.BaseClss" name="@BeforeMethod configBrowser" time="-1.658215699469E9">
    <skipped/>
  </testcase> <!-- @BeforeMethod configBrowser -->
  <testcase classname="genrericUtilty.BaseClss" name="@AfterMethod closeBrowser" time="-1.658215699478E9">
    <skipped/>
  </testcase> <!-- @AfterMethod closeBrowser -->
  <testcase classname="genrericUtilty.BaseClss" name="@BeforeMethod configBrowser" time="-1.658215699481E9">
    <skipped/>
  </testcase> <!-- @BeforeMethod configBrowser -->
  <testcase classname="genrericUtilty.BaseClss" name="@AfterMethod closeBrowser" time="-1.658215699487E9">
    <skipped/>
  </testcase> <!-- @AfterMethod closeBrowser -->
  <testcase classname="genrericUtilty.BaseClss" name="@BeforeMethod configBrowser" time="-1.658215699488E9">
    <skipped/>
  </testcase> <!-- @BeforeMethod configBrowser -->
  <testcase classname="genrericUtilty.BaseClss" name="@AfterMethod closeBrowser" time="-1.658215699497E9">
    <skipped/>
  </testcase> <!-- @AfterMethod closeBrowser -->
  <testcase classname="genrericUtilty.BaseClss" name="@BeforeMethod configBrowser" time="-1.6582156995E9">
    <skipped/>
  </testcase> <!-- @BeforeMethod configBrowser -->
  <testcase classname="genrericUtilty.BaseClss" name="@AfterMethod closeBrowser" time="-1.658215699506E9">
    <skipped/>
  </testcase> <!-- @AfterMethod closeBrowser -->
  <testcase classname="genrericUtilty.BaseClss" name="@BeforeMethod configBrowser" time="-1.658215699515E9">
    <skipped/>
  </testcase> <!-- @BeforeMethod configBrowser -->
  <testcase classname="genrericUtilty.BaseClss" name="@AfterMethod closeBrowser" time="-1.658215699523E9">
    <skipped/>
  </testcase> <!-- @AfterMethod closeBrowser -->
  <testcase classname="genrericUtilty.BaseClss" name="@BeforeMethod configBrowser" time="-1.658215699527E9">
    <skipped/>
  </testcase> <!-- @BeforeMethod configBrowser -->
  <testcase classname="genrericUtilty.BaseClss" name="@AfterMethod closeBrowser" time="-1.658215699537E9">
    <skipped/>
  </testcase> <!-- @AfterMethod closeBrowser -->
  <testcase classname="genrericUtilty.BaseClss" name="@BeforeMethod configBrowser" time="-1.658215699538E9">
    <skipped/>
  </testcase> <!-- @BeforeMethod configBrowser -->
  <testcase classname="genrericUtilty.BaseClss" name="@AfterMethod closeBrowser" time="-1.658215699553E9">
    <skipped/>
  </testcase> <!-- @AfterMethod closeBrowser -->
  <testcase classname="genrericUtilty.BaseClss" name="@BeforeMethod configBrowser" time="-1.658215699556E9">
    <skipped/>
  </testcase> <!-- @BeforeMethod configBrowser -->
  <testcase classname="genrericUtilty.BaseClss" name="@AfterMethod closeBrowser" time="-1.658215699569E9">
    <skipped/>
  </testcase> <!-- @AfterMethod closeBrowser -->
  <testcase classname="genrericUtilty.BaseClss" name="@BeforeMethod configBrowser" time="-1.65821569957E9">
    <skipped/>
  </testcase> <!-- @BeforeMethod configBrowser -->
  <testcase classname="genrericUtilty.BaseClss" name="@AfterMethod closeBrowser" time="-1.658215699575E9">
    <skipped/>
  </testcase> <!-- @AfterMethod closeBrowser -->
  <testcase classname="genrericUtilty.BaseClss" name="@BeforeMethod configBrowser" time="-1.65821569958E9">
    <skipped/>
  </testcase> <!-- @BeforeMethod configBrowser -->
  <testcase classname="genrericUtilty.BaseClss" name="@AfterMethod closeBrowser" time="-1.658215699589E9">
    <skipped/>
  </testcase> <!-- @AfterMethod closeBrowser -->
  <testcase classname="genrericUtilty.BaseClss" name="@BeforeMethod configBrowser" time="-1.658215699597E9">
    <skipped/>
  </testcase> <!-- @BeforeMethod configBrowser -->
  <testcase classname="genrericUtilty.BaseClss" name="@AfterMethod closeBrowser" time="-1.658215699616E9">
    <skipped/>
  </testcase> <!-- @AfterMethod closeBrowser -->
  <testcase classname="genrericUtilty.BaseClss" name="@BeforeMethod configBrowser" time="-1.658215699619E9">
    <skipped/>
  </testcase> <!-- @BeforeMethod configBrowser -->
  <testcase classname="genrericUtilty.BaseClss" name="@AfterMethod closeBrowser" time="-1.658215699636E9">
    <skipped/>
  </testcase> <!-- @AfterMethod closeBrowser -->
  <testcase classname="genrericUtilty.BaseClss" name="@BeforeMethod configBrowser" time="-1.658215699638E9">
    <skipped/>
  </testcase> <!-- @BeforeMethod configBrowser -->
  <testcase classname="genrericUtilty.BaseClss" name="@AfterMethod closeBrowser" time="-1.65821569965E9">
    <skipped/>
  </testcase> <!-- @AfterMethod closeBrowser -->
  <testcase classname="genrericUtilty.BaseClss" name="@BeforeMethod configBrowser" time="-1.658215699652E9">
    <skipped/>
  </testcase> <!-- @BeforeMethod configBrowser -->
  <testcase classname="genrericUtilty.BaseClss" name="@AfterMethod closeBrowser" time="-1.658215699657E9">
    <skipped/>
  </testcase> <!-- @AfterMethod closeBrowser -->
  <testcase classname="com.pantaloon.com.SearchPage1_test" name="enterAlphaNumericTest" time="13.331"/>
  <testcase classname="com.pantaloon.com.SearchPage1_test" name="verifyClearAllOptionTest" time="12.113">
    <failure type="org.openqa.selenium.NoSuchElementException" message="no such element: Unable to locate element: {&amp;quot;method&amp;quot;:&amp;quot;xpath&amp;quot;,&amp;quot;selector&amp;quot;:&amp;quot;//a[.=&amp;apos;Clear All&amp;apos;]&amp;quot;}
  (Session info: chrome=103.0.5060.114)
For documentation on this error, please visit: https://www.seleniumhq.org/exceptions/no_such_element.html
Build info: version: &amp;apos;3.141.59&amp;apos;, revision: &amp;apos;e82be7d358&amp;apos;, time: &amp;apos;2018-11-14T08:17:03&amp;apos;
System info: host: &amp;apos;LAPTOP-P4P2FF7C&amp;apos;, ip: &amp;apos;192.168.0.128&amp;apos;, os.name: &amp;apos;Windows 11&amp;apos;, os.arch: &amp;apos;amd64&amp;apos;, os.version: &amp;apos;10.0&amp;apos;, java.version: &amp;apos;17.0.2&amp;apos;
Driver info: org.openqa.selenium.chrome.ChromeDriver
Capabilities {acceptInsecureCerts: false, browserName: chrome, browserVersion: 103.0.5060.114, chrome: {chromedriverVersion: 103.0.5060.53 (a1711811edd7..., userDataDir: C:\Users\shubh\AppData\Loca...}, goog:chromeOptions: {debuggerAddress: localhost:62034}, javascriptEnabled: true, networkConnectionEnabled: false, pageLoadStrategy: normal, platform: WINDOWS, platformName: WINDOWS, proxy: Proxy(), setWindowRect: true, strictFileInteractability: false, timeouts: {implicit: 0, pageLoad: 300000, script: 30000}, unhandledPromptBehavior: dismiss and notify, webauthn:extension:credBlob: true, webauthn:extension:largeBlob: true, webauthn:virtualAuthenticators: true}
Session ID: 9191145818e45fff9ebbee994607b3df
*** Element info: {Using=xpath, value=//a[.=&amp;apos;Clear All&amp;apos;]}">
      <![CDATA[org.openqa.selenium.NoSuchElementException: no such element: Unable to locate element: {"method":"xpath","selector":"//a[.='Clear All']"}
  (Session info: chrome=103.0.5060.114)
For documentation on this error, please visit: https://www.seleniumhq.org/exceptions/no_such_element.html
Build info: version: '3.141.59', revision: 'e82be7d358', time: '2018-11-14T08:17:03'
System info: host: 'LAPTOP-P4P2FF7C', ip: '192.168.0.128', os.name: 'Windows 11', os.arch: 'amd64', os.version: '10.0', java.version: '17.0.2'
Driver info: org.openqa.selenium.chrome.ChromeDriver
Capabilities {acceptInsecureCerts: false, browserName: chrome, browserVersion: 103.0.5060.114, chrome: {chromedriverVersion: 103.0.5060.53 (a1711811edd7..., userDataDir: C:\Users\shubh\AppData\Loca...}, goog:chromeOptions: {debuggerAddress: localhost:62034}, javascriptEnabled: true, networkConnectionEnabled: false, pageLoadStrategy: normal, platform: WINDOWS, platformName: WINDOWS, proxy: Proxy(), setWindowRect: true, strictFileInteractability: false, timeouts: {implicit: 0, pageLoad: 300000, script: 30000}, unhandledPromptBehavior: dismiss and notify, webauthn:extension:credBlob: true, webauthn:extension:largeBlob: true, webauthn:virtualAuthenticators: true}
Session ID: 9191145818e45fff9ebbee994607b3df
*** Element info: {Using=xpath, value=//a[.='Clear All']}
at java.base/jdk.internal.reflect.NativeConstructorAccessorImpl.newInstance0(Native Method)
at java.base/jdk.internal.reflect.NativeConstructorAccessorImpl.newInstance(NativeConstructorAccessorImpl.java:77)
at java.base/jdk.internal.reflect.DelegatingConstructorAccessorImpl.newInstance(DelegatingConstructorAccessorImpl.java:45)
at java.base/java.lang.reflect.Constructor.newInstanceWithCaller(Constructor.java:499)
at java.base/java.lang.reflect.Constructor.newInstance(Constructor.java:480)
at org.openqa.selenium.remote.http.W3CHttpResponseCodec.createException(W3CHttpResponseCodec.java:187)
at org.openqa.selenium.remote.http.W3CHttpResponseCodec.decode(W3CHttpResponseCodec.java:122)
at org.openqa.selenium.remote.http.W3CHttpResponseCodec.decode(W3CHttpResponseCodec.java:49)
at org.openqa.selenium.remote.HttpCommandExecutor.execute(HttpCommandExecutor.java:158)
at org.openqa.selenium.remote.service.DriverCommandExecutor.execute(DriverCommandExecutor.java:83)
at org.openqa.selenium.remote.RemoteWebDriver.execute(RemoteWebDriver.java:552)
at org.openqa.selenium.remote.RemoteWebDriver.findElement(RemoteWebDriver.java:323)
at org.openqa.selenium.remote.RemoteWebDriver.findElementByXPath(RemoteWebDriver.java:428)
at org.openqa.selenium.By$ByXPath.findElement(By.java:353)
at org.openqa.selenium.remote.RemoteWebDriver.findElement(RemoteWebDriver.java:315)
at com.pantaloon.com.SearchPage1_test.verifyClearAllOptionTest(SearchPage1_test.java:100)
at java.base/jdk.internal.reflect.NativeMethodAccessorImpl.invoke0(Native Method)
at java.base/jdk.internal.reflect.NativeMethodAccessorImpl.invoke(NativeMethodAccessorImpl.java:77)
at java.base/jdk.internal.reflect.DelegatingMethodAccessorImpl.invoke(DelegatingMethodAccessorImpl.java:43)
at java.base/java.lang.reflect.Method.invoke(Method.java:568)
at org.testng.internal.MethodInvocationHelper.invokeMethod(MethodInvocationHelper.java:133)
at org.testng.internal.TestInvoker.invokeMethod(TestInvoker.java:598)
at org.testng.internal.TestInvoker.invokeTestMethod(TestInvoker.java:173)
at org.testng.internal.MethodRunner.runInSequence(MethodRunner.java:46)
at org.testng.internal.TestInvoker$MethodInvocationAgent.invoke(TestInvoker.java:824)
at org.testng.internal.TestInvoker.invokeTestMethods(TestInvoker.java:146)
at org.testng.internal.TestMethodWorker.invokeTestMethods(TestMethodWorker.java:146)
at org.testng.internal.TestMethodWorker.run(TestMethodWorker.java:128)
at java.base/java.util.ArrayList.forEach(ArrayList.java:1511)
at org.testng.TestRunner.privateRun(TestRunner.java:794)
at org.testng.TestRunner.run(TestRunner.java:596)
at org.testng.SuiteRunner.runTest(SuiteRunner.java:377)
at org.testng.SuiteRunner.runSequentially(SuiteRunner.java:371)
at org.testng.SuiteRunner.privateRun(SuiteRunner.java:332)
at org.testng.SuiteRunner.run(SuiteRunner.java:276)
at org.testng.SuiteRunnerWorker.runSuite(SuiteRunnerWorker.java:53)
at org.testng.SuiteRunnerWorker.run(SuiteRunnerWorker.java:96)
at org.testng.TestNG.runSuitesSequentially(TestNG.java:1212)
at org.testng.TestNG.runSuitesLocally(TestNG.java:1134)
at org.testng.TestNG.runSuites(TestNG.java:1063)
at org.testng.TestNG.run(TestNG.java:1031)
at org.testng.remote.AbstractRemoteTestNG.run(AbstractRemoteTestNG.java:115)
at org.testng.remote.RemoteTestNG.initAndRun(RemoteTestNG.java:251)
at org.testng.remote.RemoteTestNG.main(RemoteTestNG.java:77)
]]>
    </failure>
  </testcase> <!-- verifyClearAllOptionTest -->
  <testcase classname="com.pantaloon.com.SearchPage1_test" name="verifyClearOPtionIsAvailableOrNotTest" time="0.0">
    <skipped/>
  </testcase> <!-- verifyClearOPtionIsAvailableOrNotTest -->
  <testcase classname="com.pantaloon.com.SearchPage1_test" name="verifyClearOptionTest" time="0.0">
    <skipped/>
  </testcase> <!-- verifyClearOptionTest -->
  <testcase classname="com.pantaloon.com.SearchPage1_test" name="verifyCutAndCopyTestTest" time="0.0">
    <skipped/>
  </testcase> <!-- verifyCutAndCopyTestTest -->
  <testcase classname="com.pantaloon.com.SearchPage1_test" name="verifyErrorMessageTest" time="0.0">
    <skipped/>
  </testcase> <!-- verifyErrorMessageTest -->
  <testcase classname="com.pantaloon.com.SearchPage1_test" name="verifyErrorMessageWithMultipleItemTest" time="0.0">
    <skipped/>
  </testcase> <!-- verifyErrorMessageWithMultipleItemTest -->
  <testcase classname="com.pantaloon.com.SearchPage1_test" name="verifyMouseHourOnClearButtonTest" time="0.0">
    <skipped/>
  </testcase> <!-- verifyMouseHourOnClearButtonTest -->
  <testcase classname="com.pantaloon.com.SearchPage1_test" name="verifyMouseHourOnSearchFieldTest" time="0.0">
    <skipped/>
  </testcase> <!-- verifyMouseHourOnSearchFieldTest -->
  <testcase classname="com.pantaloon.com.SearchPage1_test" name="verifyMouseHourOnSearchIconTest" time="0.0">
    <skipped/>
  </testcase> <!-- verifyMouseHourOnSearchIconTest -->
  <testcase classname="com.pantaloon.com.SearchPage1_test" name="verifyMouseHouseOnSearchIconTest" time="0.0">
    <skipped/>
  </testcase> <!-- verifyMouseHouseOnSearchIconTest -->
  <testcase classname="com.pantaloon.com.SearchPage1_test" name="verifyPriceTest" time="0.0">
    <skipped/>
  </testcase> <!-- verifyPriceTest -->
  <testcase classname="com.pantaloon.com.SearchPage1_test" name="verifySearchByLengthTest" time="0.0">
    <skipped/>
  </testcase> <!-- verifySearchByLengthTest -->
  <testcase classname="com.pantaloon.com.SearchPage1_test" name="verifySearchByProductMaterialTest" time="0.0">
    <skipped/>
  </testcase> <!-- verifySearchByProductMaterialTest -->
  <testcase classname="com.pantaloon.com.SearchPage1_test" name="verifySearchTextfromBlankSpaceTest" time="0.0">
    <skipped/>
  </testcase> <!-- verifySearchTextfromBlankSpaceTest -->
  <testcase classname="com.pantaloon.com.SearchPage1_test" name="verifySearchWithFitTypeTest" time="0.0">
    <skipped/>
  </testcase> <!-- verifySearchWithFitTypeTest -->
  <testcase classname="com.pantaloon.com.SearchPage1_test" name="verifySearchWithMultipleBrandTest" time="0.0">
    <skipped/>
  </testcase> <!-- verifySearchWithMultipleBrandTest -->
  <testcase classname="com.pantaloon.com.SearchPage1_test" name="verifySearchWithMultipleBrandsTest" time="0.0">
    <skipped/>
  </testcase> <!-- verifySearchWithMultipleBrandsTest -->
  <testcase classname="com.pantaloon.com.SearchPage1_test" name="verifySearchWithMultipleCharacterTest" time="0.0">
    <skipped/>
  </testcase> <!-- verifySearchWithMultipleCharacterTest -->
  <testcase classname="com.pantaloon.com.SearchPage1_test" name="verifySearchWithRelatedBrandTest" time="0.0">
    <skipped/>
  </testcase> <!-- verifySearchWithRelatedBrandTest -->
  <testcase classname="com.pantaloon.com.SearchPage1_test" name="verifySearchWithoutTextTest" time="0.0">
    <skipped/>
  </testcase> <!-- verifySearchWithoutTextTest -->
  <testcase classname="com.pantaloon.com.SearchPage1_test" name="verifySearchfieldAfterClickOnClearButtonTest" time="0.0">
    <skipped/>
  </testcase> <!-- verifySearchfieldAfterClickOnClearButtonTest -->
  <testcase classname="com.pantaloon.com.SearchPage1_test" name="verifyTheOutStockItemIsNotDisplayTest" time="0.0">
    <skipped/>
  </testcase> <!-- verifyTheOutStockItemIsNotDisplayTest -->
  <testcase classname="com.pantaloon.com.SearchPage1_test" name="verifyTradingSuggestionTest" time="0.0">
    <skipped/>
  </testcase> <!-- verifyTradingSuggestionTest -->
</testsuite> <!-- Default test -->
