<?xml version="1.0" encoding="UTF-8"?>
<!-- Generated by org.testng.reporters.JUnitReportReporter -->
<testsuite hostname="LAPTOP-P4P2FF7C" failures="0" tests="45" name="assignemnt.SearchPage" time="52.001" errors="1" timestamp="2022-07-07T18:23:20 IST" skipped="43">
  <testcase classname="assignemnt.SearchPage" name="verifySearchByProductMaterial" time="29.481">
    <skipped/>
  </testcase> <!-- verifySearchByProductMaterial -->
  <system-out/>
  <testcase classname="assignemnt.SearchPage" name="verifySearchAlongWithSize" time="0.000">
    <skipped/>
  </testcase> <!-- verifySearchAlongWithSize -->
  <system-out/>
  <testcase classname="assignemnt.SearchPage" name="verifySearchByLengthMultipleTimes" time="0.000">
    <skipped/>
  </testcase> <!-- verifySearchByLengthMultipleTimes -->
  <system-out/>
  <testcase classname="assignemnt.SearchPage" name="verifySearchField" time="0.000">
    <skipped/>
  </testcase> <!-- verifySearchField -->
  <system-out/>
  <testcase classname="assignemnt.SearchPage" name="configMethod" time="0.586">
    <error message="invalid session id
Build info: version: &#039;3.141.59&#039;, revision: &#039;e82be7d358&#039;, time: &#039;2018-11-14T08:17:03&#039;
System info: host: &#039;LAPTOP-P4P2FF7C&#039;, ip: &#039;192.168.25.162&#039;, os.name: &#039;Windows 11&#039;, os.arch: &#039;amd64&#039;, os.version: &#039;10.0&#039;, java.version: &#039;17.0.2&#039;
Driver info: org.openqa.selenium.chrome.ChromeDriver
Capabilities {acceptInsecureCerts: false, browserName: chrome, browserVersion: 103.0.5060.114, chrome: {chromedriverVersion: 103.0.5060.53 (a1711811edd7..., userDataDir: C:\Users\shubh\AppData\Loca...}, goog:chromeOptions: {debuggerAddress: localhost:50715}, javascriptEnabled: true, networkConnectionEnabled: false, pageLoadStrategy: normal, platform: WINDOWS, platformName: WINDOWS, proxy: Proxy(), setWindowRect: true, strictFileInteractability: false, timeouts: {implicit: 0, pageLoad: 300000, script: 30000}, unhandledPromptBehavior: dismiss and notify, webauthn:extension:credBlob: true, webauthn:extension:largeBlob: true, webauthn:virtualAuthenticators: true}
Session ID: cac17fd9d61728231c7575506a04a9c0" type="org.openqa.selenium.NoSuchSessionException">
      <![CDATA[org.openqa.selenium.NoSuchSessionException: invalid session id
Build info: version: '3.141.59', revision: 'e82be7d358', time: '2018-11-14T08:17:03'
System info: host: 'LAPTOP-P4P2FF7C', ip: '192.168.25.162', os.name: 'Windows 11', os.arch: 'amd64', os.version: '10.0', java.version: '17.0.2'
Driver info: org.openqa.selenium.chrome.ChromeDriver
Capabilities {acceptInsecureCerts: false, browserName: chrome, browserVersion: 103.0.5060.114, chrome: {chromedriverVersion: 103.0.5060.53 (a1711811edd7..., userDataDir: C:\Users\shubh\AppData\Loca...}, goog:chromeOptions: {debuggerAddress: localhost:50715}, javascriptEnabled: true, networkConnectionEnabled: false, pageLoadStrategy: normal, platform: WINDOWS, platformName: WINDOWS, proxy: Proxy(), setWindowRect: true, strictFileInteractability: false, timeouts: {implicit: 0, pageLoad: 300000, script: 30000}, unhandledPromptBehavior: dismiss and notify, webauthn:extension:credBlob: true, webauthn:extension:largeBlob: true, webauthn:virtualAuthenticators: true}
Session ID: cac17fd9d61728231c7575506a04a9c0
at java.base/jdk.internal.reflect.NativeConstructorAccessorImpl.newInstance0(Native Method)
at java.base/jdk.internal.reflect.NativeConstructorAccessorImpl.newInstance(NativeConstructorAccessorImpl.java:77)
at java.base/jdk.internal.reflect.DelegatingConstructorAccessorImpl.newInstance(DelegatingConstructorAccessorImpl.java:45)
at java.base/java.lang.reflect.Constructor.newInstanceWithCaller(Constructor.java:499)
at java.base/java.lang.reflect.Constructor.newInstance(Constructor.java:480)
at org.openqa.selenium.remote.http.W3CHttpResponseCodec.createException(W3CHttpResponseCodec.java:187)
at org.openqa.selenium.remote.http.W3CHttpResponseCodec.decode(W3CHttpResponseCodec.java:122)
at org.openqa.selenium.remote.http.W3CHttpResponseCodec.decode(W3CHttpResponseCodec.java:49)
at org.openqa.selenium.remote.HttpCommandExecutor.execute(HttpCommandExecutor.java:158)
at org.openqa.selenium.remote.service.DriverCommandExecutor.execute(DriverCommandExecutor.java:83)
at org.openqa.selenium.remote.RemoteWebDriver.execute(RemoteWebDriver.java:552)
at org.openqa.selenium.remote.RemoteWebDriver.get(RemoteWebDriver.java:277)
at genrericUtilty.BaseClss.configMethod(BaseClss.java:39)
at java.base/jdk.internal.reflect.NativeMethodAccessorImpl.invoke0(Native Method)
at java.base/jdk.internal.reflect.NativeMethodAccessorImpl.invoke(NativeMethodAccessorImpl.java:77)
at java.base/jdk.internal.reflect.DelegatingMethodAccessorImpl.invoke(DelegatingMethodAccessorImpl.java:43)
at java.base/java.lang.reflect.Method.invoke(Method.java:568)
at org.testng.internal.MethodInvocationHelper.invokeMethod(MethodInvocationHelper.java:133)
at org.testng.internal.MethodInvocationHelper.invokeMethodConsideringTimeout(MethodInvocationHelper.java:62)
at org.testng.internal.ConfigInvoker.invokeConfigurationMethod(ConfigInvoker.java:385)
at org.testng.internal.ConfigInvoker.invokeConfigurations(ConfigInvoker.java:321)
at org.testng.internal.TestInvoker.runConfigMethods(TestInvoker.java:700)
at org.testng.internal.TestInvoker.invokeMethod(TestInvoker.java:527)
at org.testng.internal.TestInvoker.invokeTestMethod(TestInvoker.java:173)
at org.testng.internal.MethodRunner.runInSequence(MethodRunner.java:46)
at org.testng.internal.TestInvoker$MethodInvocationAgent.invoke(TestInvoker.java:824)
at org.testng.internal.TestInvoker.invokeTestMethods(TestInvoker.java:146)
at org.testng.internal.TestMethodWorker.invokeTestMethods(TestMethodWorker.java:146)
at org.testng.internal.TestMethodWorker.run(TestMethodWorker.java:128)
at java.base/java.util.ArrayList.forEach(ArrayList.java:1511)
at org.testng.TestRunner.privateRun(TestRunner.java:794)
at org.testng.TestRunner.run(TestRunner.java:596)
at org.testng.SuiteRunner.runTest(SuiteRunner.java:377)
at org.testng.SuiteRunner.runSequentially(SuiteRunner.java:371)
at org.testng.SuiteRunner.privateRun(SuiteRunner.java:332)
at org.testng.SuiteRunner.run(SuiteRunner.java:276)
at org.testng.SuiteRunnerWorker.runSuite(SuiteRunnerWorker.java:53)
at org.testng.SuiteRunnerWorker.run(SuiteRunnerWorker.java:96)
at org.testng.TestNG.runSuitesSequentially(TestNG.java:1212)
at org.testng.TestNG.runSuitesLocally(TestNG.java:1134)
at org.testng.TestNG.runSuites(TestNG.java:1063)
at org.testng.TestNG.run(TestNG.java:1031)
at org.testng.remote.AbstractRemoteTestNG.run(AbstractRemoteTestNG.java:115)
at org.testng.remote.RemoteTestNG.initAndRun(RemoteTestNG.java:251)
at org.testng.remote.RemoteTestNG.main(RemoteTestNG.java:77)
]]>
    </error>
  </testcase> <!-- configMethod -->
  <system-out/>
  <testcase classname="assignemnt.SearchPage" name="verifyClearAllOption" time="0.000">
    <skipped/>
  </testcase> <!-- verifyClearAllOption -->
  <system-out/>
  <testcase classname="assignemnt.SearchPage" name="verifySearchSuggestionDisplay" time="0.000">
    <skipped/>
  </testcase> <!-- verifySearchSuggestionDisplay -->
  <system-out/>
  <testcase classname="assignemnt.SearchPage" name="verifySearchWithProductType" time="0.000">
    <skipped/>
  </testcase> <!-- verifySearchWithProductType -->
  <system-out/>
  <testcase classname="assignemnt.SearchPage" name="verifySearchTextField" time="0.000">
    <skipped/>
  </testcase> <!-- verifySearchTextField -->
  <system-out/>
  <testcase classname="assignemnt.SearchPage" name="verifySearchByOccasion" time="0.000">
    <skipped/>
  </testcase> <!-- verifySearchByOccasion -->
  <system-out/>
  <testcase classname="assignemnt.SearchPage" name="verifySearchSuggestion" time="0.000">
    <skipped/>
  </testcase> <!-- verifySearchSuggestion -->
  <system-out/>
  <testcase classname="assignemnt.SearchPage" name="verifySearchWithMultipleBrands" time="0.000">
    <skipped/>
  </testcase> <!-- verifySearchWithMultipleBrands -->
  <system-out/>
  <testcase classname="assignemnt.SearchPage" name="verifySearchWithMultipleBrand" time="0.001">
    <skipped/>
  </testcase> <!-- verifySearchWithMultipleBrand -->
  <system-out/>
  <testcase classname="assignemnt.SearchPage" name="verifySearchfieldAfterClickOnClearButton" time="0.000">
    <skipped/>
  </testcase> <!-- verifySearchfieldAfterClickOnClearButton -->
  <system-out/>
  <testcase classname="assignemnt.SearchPage" name="verifySearchWithRelatedBrand" time="0.000">
    <skipped/>
  </testcase> <!-- verifySearchWithRelatedBrand -->
  <system-out/>
  <testcase classname="assignemnt.SearchPage" name="verifySearchAlongWithColor" time="0.000">
    <skipped/>
  </testcase> <!-- verifySearchAlongWithColor -->
  <system-out/>
  <testcase classname="assignemnt.SearchPage" name="verifySearchByMultiOccasion" time="0.000">
    <skipped/>
  </testcase> <!-- verifySearchByMultiOccasion -->
  <system-out/>
  <testcase classname="assignemnt.SearchPage" name="verifyGridFormat" time="0.000">
    <skipped/>
  </testcase> <!-- verifyGridFormat -->
  <system-out/>
  <testcase classname="assignemnt.SearchPage" name="verifyCutAndCopy" time="0.000">
    <skipped/>
  </testcase> <!-- verifyCutAndCopy -->
  <system-out/>
  <testcase classname="assignemnt.SearchPage" name="verifySearchSuggestionWithMispelled" time="0.000">
    <skipped/>
  </testcase> <!-- verifySearchSuggestionWithMispelled -->
  <system-out/>
  <testcase classname="assignemnt.SearchPage" name="verifyUserAbletoEnterInSearchField" time="0.000">
    <skipped/>
  </testcase> <!-- verifyUserAbletoEnterInSearchField -->
  <system-out/>
  <testcase classname="assignemnt.SearchPage" name="verifyProductCount" time="0.000">
    <skipped/>
  </testcase> <!-- verifyProductCount -->
  <system-out/>
  <testcase classname="assignemnt.SearchPage" name="verifyTradingSearch" time="0.000">
    <skipped/>
  </testcase> <!-- verifyTradingSearch -->
  <system-out/>
  <testcase classname="assignemnt.SearchPage" name="enterTextAlphabate" time="0.000">
    <skipped/>
  </testcase> <!-- enterTextAlphabate -->
  <system-out/>
  <testcase classname="assignemnt.SearchPage" name="enterAlphaNumeric" time="21.933"/>
  <system-out/>
  <testcase classname="assignemnt.SearchPage" name="verifySearchAfterChoosingAnotherProduct" time="0.000">
    <skipped/>
  </testcase> <!-- verifySearchAfterChoosingAnotherProduct -->
  <system-out/>
  <testcase classname="assignemnt.SearchPage" name="verifyAbleToSearchByEnterButton" time="0.000">
    <skipped/>
  </testcase> <!-- verifyAbleToSearchByEnterButton -->
  <system-out/>
  <testcase classname="assignemnt.SearchPage" name="verifySearchWithMultipleCharacter" time="0.000">
    <skipped/>
  </testcase> <!-- verifySearchWithMultipleCharacter -->
  <system-out/>
  <testcase classname="assignemnt.SearchPage" name="verifyMouseHouseOnSearchIcon" time="0.000">
    <skipped/>
  </testcase> <!-- verifyMouseHouseOnSearchIcon -->
  <system-out/>
  <testcase classname="assignemnt.SearchPage" name="enterNumericValue" time="0.000">
    <skipped/>
  </testcase> <!-- enterNumericValue -->
  <system-out/>
  <testcase classname="assignemnt.SearchPage" name="verifyMouseHourOnSearchField" time="0.000">
    <skipped/>
  </testcase> <!-- verifyMouseHourOnSearchField -->
  <system-out/>
  <testcase classname="assignemnt.SearchPage" name="verifyClearButton" time="0.000">
    <skipped/>
  </testcase> <!-- verifyClearButton -->
  <system-out/>
  <testcase classname="assignemnt.SearchPage" name="verifyPrice" time="0.000">
    <skipped/>
  </testcase> <!-- verifyPrice -->
  <system-out/>
  <testcase classname="assignemnt.SearchPage" name="verifySearchTextAfterSearch" time="0.000">
    <skipped/>
  </testcase> <!-- verifySearchTextAfterSearch -->
  <system-out/>
  <testcase classname="assignemnt.SearchPage" name="enterUpperAndLowerLetter" time="0.000">
    <skipped/>
  </testcase> <!-- enterUpperAndLowerLetter -->
  <system-out/>
  <testcase classname="assignemnt.SearchPage" name="verifyMouseHourOnSearchIcon" time="0.000">
    <skipped/>
  </testcase> <!-- verifyMouseHourOnSearchIcon -->
  <system-out/>
  <testcase classname="assignemnt.SearchPage" name="verifySearchWithFitType" time="0.000">
    <skipped/>
  </testcase> <!-- verifySearchWithFitType -->
  <system-out/>
  <testcase classname="assignemnt.SearchPage" name="verifyMouseHourOnClearButton" time="0.000">
    <skipped/>
  </testcase> <!-- verifyMouseHourOnClearButton -->
  <system-out/>
  <testcase classname="assignemnt.SearchPage" name="verifySearchWithDefaultSortBy" time="0.000">
    <skipped/>
  </testcase> <!-- verifySearchWithDefaultSortBy -->
  <system-out/>
  <testcase classname="assignemnt.SearchPage" name="verifyClearOption" time="0.000">
    <skipped/>
  </testcase> <!-- verifyClearOption -->
  <system-out/>
  <testcase classname="assignemnt.SearchPage" name="verifyAbleToSearchBySearchButton" time="0.000">
    <skipped/>
  </testcase> <!-- verifyAbleToSearchBySearchButton -->
  <system-out/>
  <testcase classname="assignemnt.SearchPage" name="verifySearchWithSingleCharacter" time="0.000">
    <skipped/>
  </testcase> <!-- verifySearchWithSingleCharacter -->
  <system-out/>
  <testcase classname="assignemnt.SearchPage" name="verifySearchWithCatogaryName" time="0.000">
    <skipped/>
  </testcase> <!-- verifySearchWithCatogaryName -->
  <system-out/>
  <testcase classname="assignemnt.SearchPage" name="verifyClearOPtionIsAvailableOrNot" time="0.000">
    <skipped/>
  </testcase> <!-- verifyClearOPtionIsAvailableOrNot -->
  <system-out/>
  <testcase classname="assignemnt.SearchPage" name="verifySearchByLength" time="0.000">
    <skipped/>
  </testcase> <!-- verifySearchByLength -->
  <system-out/>
</testsuite> <!-- assignemnt.SearchPage -->
